<?xml version="1.0" encoding="UTF-8"?>
<testng-results ignored="0" total="38" passed="26" failed="12" skipped="0">
  <reporter-output>
  </reporter-output>
  <suite started-at="2023-09-22T19:14:59 IST" name="Default suite" finished-at="2023-09-22T19:48:49 IST" duration-ms="2030569">
    <groups>
    </groups>
    <test started-at="2023-09-22T19:14:59 IST" name="Default test" finished-at="2023-09-22T19:48:49 IST" duration-ms="2030569">
      <class name="testScripts.FlightReviewBookPageTest">
        <test-method is-config="true" signature="Setup()[pri:0, instance:testScripts.FlightReviewBookPageTest@510f3d34]" started-at="2023-09-22T19:14:59 IST" name="Setup" finished-at="2023-09-22T19:15:06 IST" duration-ms="7126" status="PASS">
          <reporter-output>
          </reporter-output>
        </test-method> <!-- Setup -->
        <test-method signature="ValidatetheDefaultFlightBookDetailsOneWayTripwithCitySelectDropdown()[pri:0, instance:testScripts.FlightReviewBookPageTest@510f3d34]" started-at="2023-09-22T19:15:06 IST" name="ValidatetheDefaultFlightBookDetailsOneWayTripwithCitySelectDropdown" finished-at="2023-09-22T19:15:24 IST" duration-ms="18148" status="PASS">
          <reporter-output>
          </reporter-output>
        </test-method> <!-- ValidatetheDefaultFlightBookDetailsOneWayTripwithCitySelectDropdown -->
        <test-method is-config="true" signature="endup()[pri:0, instance:testScripts.FlightReviewBookPageTest@510f3d34]" started-at="2023-09-22T19:15:24 IST" name="endup" finished-at="2023-09-22T19:15:30 IST" duration-ms="6001" status="PASS">
          <reporter-output>
          </reporter-output>
        </test-method> <!-- endup -->
        <test-method is-config="true" signature="Setup()[pri:0, instance:testScripts.FlightReviewBookPageTest@510f3d34]" started-at="2023-09-22T19:15:30 IST" name="Setup" finished-at="2023-09-22T19:15:37 IST" duration-ms="6394" status="PASS">
          <reporter-output>
          </reporter-output>
        </test-method> <!-- Setup -->
        <test-method signature="ValidatetheDomesticDefaultFlightBookDetailsOneWayTripwithSwap()[pri:0, instance:testScripts.FlightReviewBookPageTest@510f3d34]" started-at="2023-09-22T19:15:37 IST" name="ValidatetheDomesticDefaultFlightBookDetailsOneWayTripwithSwap" finished-at="2023-09-22T19:15:56 IST" duration-ms="19550" status="PASS">
          <reporter-output>
          </reporter-output>
        </test-method> <!-- ValidatetheDomesticDefaultFlightBookDetailsOneWayTripwithSwap -->
        <test-method is-config="true" signature="endup()[pri:0, instance:testScripts.FlightReviewBookPageTest@510f3d34]" started-at="2023-09-22T19:15:56 IST" name="endup" finished-at="2023-09-22T19:16:02 IST" duration-ms="6000" status="PASS">
          <reporter-output>
          </reporter-output>
        </test-method> <!-- endup -->
        <test-method is-config="true" signature="Setup()[pri:0, instance:testScripts.FlightReviewBookPageTest@510f3d34]" started-at="2023-09-22T19:16:02 IST" name="Setup" finished-at="2023-09-22T19:16:09 IST" duration-ms="6945" status="PASS">
          <reporter-output>
          </reporter-output>
        </test-method> <!-- Setup -->
        <test-method signature="ValidatetheDomesticDefaultFlightBookDetailsRoundTrip()[pri:0, instance:testScripts.FlightReviewBookPageTest@510f3d34]" started-at="2023-09-22T19:16:09 IST" name="ValidatetheDomesticDefaultFlightBookDetailsRoundTrip" finished-at="2023-09-22T19:16:58 IST" duration-ms="49307" status="PASS">
          <reporter-output>
          </reporter-output>
        </test-method> <!-- ValidatetheDomesticDefaultFlightBookDetailsRoundTrip -->
        <test-method is-config="true" signature="endup()[pri:0, instance:testScripts.FlightReviewBookPageTest@510f3d34]" started-at="2023-09-22T19:16:58 IST" name="endup" finished-at="2023-09-22T19:17:04 IST" duration-ms="6152" status="PASS">
          <reporter-output>
          </reporter-output>
        </test-method> <!-- endup -->
        <test-method is-config="true" signature="Setup()[pri:0, instance:testScripts.FlightReviewBookPageTest@510f3d34]" started-at="2023-09-22T19:17:04 IST" name="Setup" finished-at="2023-09-22T19:17:12 IST" duration-ms="7197" status="PASS">
          <reporter-output>
          </reporter-output>
        </test-method> <!-- Setup -->
        <test-method signature="ValidatetheDomesticDefaultFlightBookDetailsRoundTripwithClassBusiness()[pri:0, instance:testScripts.FlightReviewBookPageTest@510f3d34]" started-at="2023-09-22T19:17:12 IST" name="ValidatetheDomesticDefaultFlightBookDetailsRoundTripwithClassBusiness" finished-at="2023-09-22T19:17:53 IST" duration-ms="40943" status="FAIL">
          <exception class="org.openqa.selenium.ElementClickInterceptedException">
            <message>
              <![CDATA[element click intercepted: Element is not clickable at point (200, 890)
  (Session info: chrome=115.0.5790.170)
Build info: version: '4.11.0', revision: '040bc5406b'
System info: os.name: 'Linux', os.arch: 'amd64', os.version: '5.15.0-84-generic', java.version: '20.0.1'
Driver info: org.openqa.selenium.chrome.ChromeDriver
Command: [556b9c8229993aaeb32821757f896159, clickElement {id=3137C085337AED078551E07F2C91DD45_element_97}]
Capabilities {acceptInsecureCerts: false, browserName: chrome, browserVersion: 115.0.5790.170, chrome: {chromedriverVersion: 114.0.5735.90 (386bc09e8f4f..., userDataDir: /tmp/.com.google.Chrome.0Fc09T}, goog:chromeOptions: {debuggerAddress: localhost:43807}, networkConnectionEnabled: false, pageLoadStrategy: normal, platformName: linux, proxy: Proxy(), se:cdp: ws://localhost:43807/devtoo..., se:cdpVersion: 115.0.5790.170, setWindowRect: true, strictFileInteractability: false, timeouts: {implicit: 0, pageLoad: 300000, script: 30000}, unhandledPromptBehavior: dismiss and notify, webauthn:extension:credBlob: true, webauthn:extension:largeBlob: true, webauthn:extension:minPinLength: true, webauthn:extension:prf: true, webauthn:virtualAuthenticators: true}
Element: [[ChromeDriver: chrome on linux (556b9c8229993aaeb32821757f896159)] -> id: travller-lastname 100]
Session ID: 556b9c8229993aaeb32821757f896159]]>
            </message>
            <full-stacktrace>
              <![CDATA[org.openqa.selenium.ElementClickInterceptedException: element click intercepted: Element is not clickable at point (200, 890)
  (Session info: chrome=115.0.5790.170)
Build info: version: '4.11.0', revision: '040bc5406b'
System info: os.name: 'Linux', os.arch: 'amd64', os.version: '5.15.0-84-generic', java.version: '20.0.1'
Driver info: org.openqa.selenium.chrome.ChromeDriver
Command: [556b9c8229993aaeb32821757f896159, clickElement {id=3137C085337AED078551E07F2C91DD45_element_97}]
Capabilities {acceptInsecureCerts: false, browserName: chrome, browserVersion: 115.0.5790.170, chrome: {chromedriverVersion: 114.0.5735.90 (386bc09e8f4f..., userDataDir: /tmp/.com.google.Chrome.0Fc09T}, goog:chromeOptions: {debuggerAddress: localhost:43807}, networkConnectionEnabled: false, pageLoadStrategy: normal, platformName: linux, proxy: Proxy(), se:cdp: ws://localhost:43807/devtoo..., se:cdpVersion: 115.0.5790.170, setWindowRect: true, strictFileInteractability: false, timeouts: {implicit: 0, pageLoad: 300000, script: 30000}, unhandledPromptBehavior: dismiss and notify, webauthn:extension:credBlob: true, webauthn:extension:largeBlob: true, webauthn:extension:minPinLength: true, webauthn:extension:prf: true, webauthn:virtualAuthenticators: true}
Element: [[ChromeDriver: chrome on linux (556b9c8229993aaeb32821757f896159)] -> id: travller-lastname 100]
Session ID: 556b9c8229993aaeb32821757f896159
at java.base/jdk.internal.reflect.DirectConstructorHandleAccessor.newInstance(DirectConstructorHandleAccessor.java:67)
at java.base/java.lang.reflect.Constructor.newInstanceWithCaller(Constructor.java:500)
at java.base/java.lang.reflect.Constructor.newInstance(Constructor.java:484)
at org.openqa.selenium.remote.codec.w3c.W3CHttpResponseCodec.createException(W3CHttpResponseCodec.java:200)
at org.openqa.selenium.remote.codec.w3c.W3CHttpResponseCodec.decode(W3CHttpResponseCodec.java:133)
at org.openqa.selenium.remote.codec.w3c.W3CHttpResponseCodec.decode(W3CHttpResponseCodec.java:52)
at org.openqa.selenium.remote.HttpCommandExecutor.execute(HttpCommandExecutor.java:191)
at org.openqa.selenium.remote.service.DriverCommandExecutor.invokeExecute(DriverCommandExecutor.java:196)
at org.openqa.selenium.remote.service.DriverCommandExecutor.execute(DriverCommandExecutor.java:171)
at org.openqa.selenium.remote.RemoteWebDriver.execute(RemoteWebDriver.java:518)
at org.openqa.selenium.remote.RemoteWebElement.execute(RemoteWebElement.java:224)
at org.openqa.selenium.remote.RemoteWebElement.click(RemoteWebElement.java:77)
at java.base/jdk.internal.reflect.DirectMethodHandleAccessor.invoke(DirectMethodHandleAccessor.java:104)
at java.base/java.lang.reflect.Method.invoke(Method.java:578)
at org.openqa.selenium.support.pagefactory.internal.LocatingElementHandler.invoke(LocatingElementHandler.java:51)
at jdk.proxy2/jdk.proxy2.$Proxy11.click(Unknown Source)
at pageObjects.FlightReviewPageObjects.lastname(FlightReviewPageObjects.java:200)
at testScripts.FlightReviewBookPageTest.ValidatetheDomesticDefaultFlightBookDetailsRoundTripwithClassBusiness(FlightReviewBookPageTest.java:1328)
at java.base/jdk.internal.reflect.DirectMethodHandleAccessor.invoke(DirectMethodHandleAccessor.java:104)
at java.base/java.lang.reflect.Method.invoke(Method.java:578)
at org.testng.internal.invokers.MethodInvocationHelper.invokeMethod(MethodInvocationHelper.java:139)
at org.testng.internal.invokers.TestInvoker.invokeMethod(TestInvoker.java:664)
at org.testng.internal.invokers.TestInvoker.invokeTestMethod(TestInvoker.java:227)
at org.testng.internal.invokers.MethodRunner.runInSequence(MethodRunner.java:50)
at org.testng.internal.invokers.TestInvoker$MethodInvocationAgent.invoke(TestInvoker.java:957)
at org.testng.internal.invokers.TestInvoker.invokeTestMethods(TestInvoker.java:200)
at org.testng.internal.invokers.TestMethodWorker.invokeTestMethods(TestMethodWorker.java:148)
at org.testng.internal.invokers.TestMethodWorker.run(TestMethodWorker.java:128)
at java.base/java.util.ArrayList.forEach(ArrayList.java:1511)
at org.testng.TestRunner.privateRun(TestRunner.java:848)
at org.testng.TestRunner.run(TestRunner.java:621)
at org.testng.SuiteRunner.runTest(SuiteRunner.java:443)
at org.testng.SuiteRunner.runSequentially(SuiteRunner.java:437)
at org.testng.SuiteRunner.privateRun(SuiteRunner.java:397)
at org.testng.SuiteRunner.run(SuiteRunner.java:336)
at org.testng.SuiteRunnerWorker.runSuite(SuiteRunnerWorker.java:52)
at org.testng.SuiteRunnerWorker.run(SuiteRunnerWorker.java:95)
at org.testng.TestNG.runSuitesSequentially(TestNG.java:1280)
at org.testng.TestNG.runSuitesLocally(TestNG.java:1200)
at org.testng.TestNG.runSuites(TestNG.java:1114)
at org.testng.TestNG.run(TestNG.java:1082)
at org.testng.remote.AbstractRemoteTestNG.run(AbstractRemoteTestNG.java:115)
at org.testng.remote.RemoteTestNG.initAndRun(RemoteTestNG.java:251)
at org.testng.remote.RemoteTestNG.main(RemoteTestNG.java:77)
]]>
            </full-stacktrace>
          </exception> <!-- org.openqa.selenium.ElementClickInterceptedException -->
          <reporter-output>
          </reporter-output>
        </test-method> <!-- ValidatetheDomesticDefaultFlightBookDetailsRoundTripwithClassBusiness -->
        <test-method is-config="true" signature="endup()[pri:0, instance:testScripts.FlightReviewBookPageTest@510f3d34]" started-at="2023-09-22T19:17:53 IST" name="endup" finished-at="2023-09-22T19:17:59 IST" duration-ms="6123" status="PASS">
          <reporter-output>
          </reporter-output>
        </test-method> <!-- endup -->
        <test-method is-config="true" signature="Setup()[pri:0, instance:testScripts.FlightReviewBookPageTest@510f3d34]" started-at="2023-09-22T19:17:59 IST" name="Setup" finished-at="2023-09-22T19:18:05 IST" duration-ms="6069" status="PASS">
          <reporter-output>
          </reporter-output>
        </test-method> <!-- Setup -->
        <test-method signature="ValidatetheDomesticDefaultFlightBookDetailsRoundTripwithClassFirst()[pri:0, instance:testScripts.FlightReviewBookPageTest@510f3d34]" started-at="2023-09-22T19:18:05 IST" name="ValidatetheDomesticDefaultFlightBookDetailsRoundTripwithClassFirst" finished-at="2023-09-22T19:18:09 IST" duration-ms="4226" status="PASS">
          <reporter-output>
          </reporter-output>
        </test-method> <!-- ValidatetheDomesticDefaultFlightBookDetailsRoundTripwithClassFirst -->
        <test-method is-config="true" signature="endup()[pri:0, instance:testScripts.FlightReviewBookPageTest@510f3d34]" started-at="2023-09-22T19:18:09 IST" name="endup" finished-at="2023-09-22T19:18:15 IST" duration-ms="6001" status="PASS">
          <reporter-output>
          </reporter-output>
        </test-method> <!-- endup -->
        <test-method is-config="true" signature="Setup()[pri:0, instance:testScripts.FlightReviewBookPageTest@510f3d34]" started-at="2023-09-22T19:18:15 IST" name="Setup" finished-at="2023-09-22T19:18:21 IST" duration-ms="6356" status="PASS">
          <reporter-output>
          </reporter-output>
        </test-method> <!-- Setup -->
        <test-method signature="ValidatetheDomesticDefaultFlightBookDetailsRoundTripwithClassPremiumEconomy()[pri:0, instance:testScripts.FlightReviewBookPageTest@510f3d34]" started-at="2023-09-22T19:18:21 IST" name="ValidatetheDomesticDefaultFlightBookDetailsRoundTripwithClassPremiumEconomy" finished-at="2023-09-22T19:19:37 IST" duration-ms="75676" status="PASS">
          <reporter-output>
          </reporter-output>
        </test-method> <!-- ValidatetheDomesticDefaultFlightBookDetailsRoundTripwithClassPremiumEconomy -->
        <test-method is-config="true" signature="endup()[pri:0, instance:testScripts.FlightReviewBookPageTest@510f3d34]" started-at="2023-09-22T19:19:37 IST" name="endup" finished-at="2023-09-22T19:19:43 IST" duration-ms="6129" status="PASS">
          <reporter-output>
          </reporter-output>
        </test-method> <!-- endup -->
        <test-method is-config="true" signature="Setup()[pri:0, instance:testScripts.FlightReviewBookPageTest@510f3d34]" started-at="2023-09-22T19:19:43 IST" name="Setup" finished-at="2023-09-22T19:19:51 IST" duration-ms="7515" status="PASS">
          <reporter-output>
          </reporter-output>
        </test-method> <!-- Setup -->
        <test-method signature="ValidatetheDomesticDefaultFlightBookDetailsRoundTripwithSwap()[pri:0, instance:testScripts.FlightReviewBookPageTest@510f3d34]" started-at="2023-09-22T19:19:51 IST" name="ValidatetheDomesticDefaultFlightBookDetailsRoundTripwithSwap" finished-at="2023-09-22T19:20:36 IST" duration-ms="45558" status="PASS">
          <reporter-output>
          </reporter-output>
        </test-method> <!-- ValidatetheDomesticDefaultFlightBookDetailsRoundTripwithSwap -->
        <test-method is-config="true" signature="endup()[pri:0, instance:testScripts.FlightReviewBookPageTest@510f3d34]" started-at="2023-09-22T19:20:36 IST" name="endup" finished-at="2023-09-22T19:20:42 IST" duration-ms="6122" status="PASS">
          <reporter-output>
          </reporter-output>
        </test-method> <!-- endup -->
        <test-method is-config="true" signature="Setup()[pri:0, instance:testScripts.FlightReviewBookPageTest@510f3d34]" started-at="2023-09-22T19:20:42 IST" name="Setup" finished-at="2023-09-22T19:20:49 IST" duration-ms="6825" status="PASS">
          <reporter-output>
          </reporter-output>
        </test-method> <!-- Setup -->
        <test-method signature="ValidatetheDomesticDefaultFlightBookDetailsoneWaywithAdultsChildInfant()[pri:0, instance:testScripts.FlightReviewBookPageTest@510f3d34]" started-at="2023-09-22T19:20:49 IST" name="ValidatetheDomesticDefaultFlightBookDetailsoneWaywithAdultsChildInfant" finished-at="2023-09-22T19:21:30 IST" duration-ms="40677" status="FAIL">
          <exception class="org.openqa.selenium.NoSuchElementException">
            <message>
              <![CDATA[no such element: Unable to locate element: {"method":"xpath","selector":"//div[contains(@class, 'react-datepicker__day') and @aria-label='Choose Tuesday, August 1st, 2023']"}
  (Session info: chrome=115.0.5790.170)
For documentation on this error, please visit: https://www.selenium.dev/documentation/webdriver/troubleshooting/errors#no-such-element-exception
Build info: version: '4.11.0', revision: '040bc5406b'
System info: os.name: 'Linux', os.arch: 'amd64', os.version: '5.15.0-84-generic', java.version: '20.0.1'
Driver info: org.openqa.selenium.chrome.ChromeDriver
Command: [0c230ae27f42ca57259a05d3caea56b2, findElement {using=xpath, value=//div[contains(@class, 'react-datepicker__day') and @aria-label='Choose Tuesday, August 1st, 2023']}]
Capabilities {acceptInsecureCerts: false, browserName: chrome, browserVersion: 115.0.5790.170, chrome: {chromedriverVersion: 114.0.5735.90 (386bc09e8f4f..., userDataDir: /tmp/.com.google.Chrome.FCwNc7}, goog:chromeOptions: {debuggerAddress: localhost:37979}, networkConnectionEnabled: false, pageLoadStrategy: normal, platformName: linux, proxy: Proxy(), se:cdp: ws://localhost:37979/devtoo..., se:cdpVersion: 115.0.5790.170, setWindowRect: true, strictFileInteractability: false, timeouts: {implicit: 0, pageLoad: 300000, script: 30000}, unhandledPromptBehavior: dismiss and notify, webauthn:extension:credBlob: true, webauthn:extension:largeBlob: true, webauthn:extension:minPinLength: true, webauthn:extension:prf: true, webauthn:virtualAuthenticators: true}
Session ID: 0c230ae27f42ca57259a05d3caea56b2]]>
            </message>
            <full-stacktrace>
              <![CDATA[org.openqa.selenium.NoSuchElementException: no such element: Unable to locate element: {"method":"xpath","selector":"//div[contains(@class, 'react-datepicker__day') and @aria-label='Choose Tuesday, August 1st, 2023']"}
  (Session info: chrome=115.0.5790.170)
For documentation on this error, please visit: https://www.selenium.dev/documentation/webdriver/troubleshooting/errors#no-such-element-exception
Build info: version: '4.11.0', revision: '040bc5406b'
System info: os.name: 'Linux', os.arch: 'amd64', os.version: '5.15.0-84-generic', java.version: '20.0.1'
Driver info: org.openqa.selenium.chrome.ChromeDriver
Command: [0c230ae27f42ca57259a05d3caea56b2, findElement {using=xpath, value=//div[contains(@class, 'react-datepicker__day') and @aria-label='Choose Tuesday, August 1st, 2023']}]
Capabilities {acceptInsecureCerts: false, browserName: chrome, browserVersion: 115.0.5790.170, chrome: {chromedriverVersion: 114.0.5735.90 (386bc09e8f4f..., userDataDir: /tmp/.com.google.Chrome.FCwNc7}, goog:chromeOptions: {debuggerAddress: localhost:37979}, networkConnectionEnabled: false, pageLoadStrategy: normal, platformName: linux, proxy: Proxy(), se:cdp: ws://localhost:37979/devtoo..., se:cdpVersion: 115.0.5790.170, setWindowRect: true, strictFileInteractability: false, timeouts: {implicit: 0, pageLoad: 300000, script: 30000}, unhandledPromptBehavior: dismiss and notify, webauthn:extension:credBlob: true, webauthn:extension:largeBlob: true, webauthn:extension:minPinLength: true, webauthn:extension:prf: true, webauthn:virtualAuthenticators: true}
Session ID: 0c230ae27f42ca57259a05d3caea56b2
at java.base/jdk.internal.reflect.DirectConstructorHandleAccessor.newInstance(DirectConstructorHandleAccessor.java:67)
at java.base/java.lang.reflect.Constructor.newInstanceWithCaller(Constructor.java:500)
at java.base/java.lang.reflect.Constructor.newInstance(Constructor.java:484)
at org.openqa.selenium.remote.codec.w3c.W3CHttpResponseCodec.createException(W3CHttpResponseCodec.java:200)
at org.openqa.selenium.remote.codec.w3c.W3CHttpResponseCodec.decode(W3CHttpResponseCodec.java:133)
at org.openqa.selenium.remote.codec.w3c.W3CHttpResponseCodec.decode(W3CHttpResponseCodec.java:52)
at org.openqa.selenium.remote.HttpCommandExecutor.execute(HttpCommandExecutor.java:191)
at org.openqa.selenium.remote.service.DriverCommandExecutor.invokeExecute(DriverCommandExecutor.java:196)
at org.openqa.selenium.remote.service.DriverCommandExecutor.execute(DriverCommandExecutor.java:171)
at org.openqa.selenium.remote.RemoteWebDriver.execute(RemoteWebDriver.java:518)
at org.openqa.selenium.remote.ElementLocation$ElementFinder$2.findElement(ElementLocation.java:165)
at org.openqa.selenium.remote.ElementLocation.findElement(ElementLocation.java:59)
at org.openqa.selenium.remote.RemoteWebDriver.findElement(RemoteWebDriver.java:355)
at org.openqa.selenium.remote.RemoteWebDriver.findElement(RemoteWebDriver.java:349)
at org.openqa.selenium.support.pagefactory.DefaultElementLocator.findElement(DefaultElementLocator.java:68)
at org.openqa.selenium.support.pagefactory.internal.LocatingElementHandler.invoke(LocatingElementHandler.java:38)
at jdk.proxy2/jdk.proxy2.$Proxy11.click(Unknown Source)
at pageObjects.FlightReviewPageObjects.infantdobclick(FlightReviewPageObjects.java:261)
at testScripts.FlightReviewBookPageTest.ValidatetheDomesticDefaultFlightBookDetailsoneWaywithAdultsChildInfant(FlightReviewBookPageTest.java:547)
at java.base/jdk.internal.reflect.DirectMethodHandleAccessor.invoke(DirectMethodHandleAccessor.java:104)
at java.base/java.lang.reflect.Method.invoke(Method.java:578)
at org.testng.internal.invokers.MethodInvocationHelper.invokeMethod(MethodInvocationHelper.java:139)
at org.testng.internal.invokers.TestInvoker.invokeMethod(TestInvoker.java:664)
at org.testng.internal.invokers.TestInvoker.invokeTestMethod(TestInvoker.java:227)
at org.testng.internal.invokers.MethodRunner.runInSequence(MethodRunner.java:50)
at org.testng.internal.invokers.TestInvoker$MethodInvocationAgent.invoke(TestInvoker.java:957)
at org.testng.internal.invokers.TestInvoker.invokeTestMethods(TestInvoker.java:200)
at org.testng.internal.invokers.TestMethodWorker.invokeTestMethods(TestMethodWorker.java:148)
at org.testng.internal.invokers.TestMethodWorker.run(TestMethodWorker.java:128)
at java.base/java.util.ArrayList.forEach(ArrayList.java:1511)
at org.testng.TestRunner.privateRun(TestRunner.java:848)
at org.testng.TestRunner.run(TestRunner.java:621)
at org.testng.SuiteRunner.runTest(SuiteRunner.java:443)
at org.testng.SuiteRunner.runSequentially(SuiteRunner.java:437)
at org.testng.SuiteRunner.privateRun(SuiteRunner.java:397)
at org.testng.SuiteRunner.run(SuiteRunner.java:336)
at org.testng.SuiteRunnerWorker.runSuite(SuiteRunnerWorker.java:52)
at org.testng.SuiteRunnerWorker.run(SuiteRunnerWorker.java:95)
at org.testng.TestNG.runSuitesSequentially(TestNG.java:1280)
at org.testng.TestNG.runSuitesLocally(TestNG.java:1200)
at org.testng.TestNG.runSuites(TestNG.java:1114)
at org.testng.TestNG.run(TestNG.java:1082)
at org.testng.remote.AbstractRemoteTestNG.run(AbstractRemoteTestNG.java:115)
at org.testng.remote.RemoteTestNG.initAndRun(RemoteTestNG.java:251)
at org.testng.remote.RemoteTestNG.main(RemoteTestNG.java:77)
]]>
            </full-stacktrace>
          </exception> <!-- org.openqa.selenium.NoSuchElementException -->
          <reporter-output>
          </reporter-output>
        </test-method> <!-- ValidatetheDomesticDefaultFlightBookDetailsoneWaywithAdultsChildInfant -->
        <test-method is-config="true" signature="endup()[pri:0, instance:testScripts.FlightReviewBookPageTest@510f3d34]" started-at="2023-09-22T19:21:30 IST" name="endup" finished-at="2023-09-22T19:21:36 IST" duration-ms="6126" status="PASS">
          <reporter-output>
          </reporter-output>
        </test-method> <!-- endup -->
        <test-method is-config="true" signature="Setup()[pri:0, instance:testScripts.FlightReviewBookPageTest@510f3d34]" started-at="2023-09-22T19:21:36 IST" name="Setup" finished-at="2023-09-22T19:21:42 IST" duration-ms="6153" status="PASS">
          <reporter-output>
          </reporter-output>
        </test-method> <!-- Setup -->
        <test-method signature="ValidatetheDomesticDefaultFlightBookDetailsoneWaywithFareArmedforce()[pri:0, instance:testScripts.FlightReviewBookPageTest@510f3d34]" started-at="2023-09-22T19:21:42 IST" name="ValidatetheDomesticDefaultFlightBookDetailsoneWaywithFareArmedforce" finished-at="2023-09-22T19:22:25 IST" duration-ms="43194" status="PASS">
          <reporter-output>
          </reporter-output>
        </test-method> <!-- ValidatetheDomesticDefaultFlightBookDetailsoneWaywithFareArmedforce -->
        <test-method is-config="true" signature="endup()[pri:0, instance:testScripts.FlightReviewBookPageTest@510f3d34]" started-at="2023-09-22T19:22:25 IST" name="endup" finished-at="2023-09-22T19:22:31 IST" duration-ms="6102" status="PASS">
          <reporter-output>
          </reporter-output>
        </test-method> <!-- endup -->
        <test-method is-config="true" signature="Setup()[pri:0, instance:testScripts.FlightReviewBookPageTest@510f3d34]" started-at="2023-09-22T19:22:31 IST" name="Setup" finished-at="2023-09-22T19:22:38 IST" duration-ms="6067" status="PASS">
          <reporter-output>
          </reporter-output>
        </test-method> <!-- Setup -->
        <test-method signature="ValidatetheDomesticDefaultFlightBookDetailsoneWaywithFareArmedforceClassBusiness()[pri:0, instance:testScripts.FlightReviewBookPageTest@510f3d34]" started-at="2023-09-22T19:22:38 IST" name="ValidatetheDomesticDefaultFlightBookDetailsoneWaywithFareArmedforceClassBusiness" finished-at="2023-09-22T19:23:50 IST" duration-ms="72794" status="PASS">
          <reporter-output>
          </reporter-output>
        </test-method> <!-- ValidatetheDomesticDefaultFlightBookDetailsoneWaywithFareArmedforceClassBusiness -->
        <test-method is-config="true" signature="endup()[pri:0, instance:testScripts.FlightReviewBookPageTest@510f3d34]" started-at="2023-09-22T19:23:50 IST" name="endup" finished-at="2023-09-22T19:23:56 IST" duration-ms="6102" status="PASS">
          <reporter-output>
          </reporter-output>
        </test-method> <!-- endup -->
        <test-method is-config="true" signature="Setup()[pri:0, instance:testScripts.FlightReviewBookPageTest@510f3d34]" started-at="2023-09-22T19:23:56 IST" name="Setup" finished-at="2023-09-22T19:24:03 IST" duration-ms="6311" status="PASS">
          <reporter-output>
          </reporter-output>
        </test-method> <!-- Setup -->
        <test-method signature="ValidatetheDomesticDefaultFlightBookDetailsoneWaywithFareArmedforceClassPremiumEconomy()[pri:0, instance:testScripts.FlightReviewBookPageTest@510f3d34]" started-at="2023-09-22T19:24:03 IST" name="ValidatetheDomesticDefaultFlightBookDetailsoneWaywithFareArmedforceClassPremiumEconomy" finished-at="2023-09-22T19:25:14 IST" duration-ms="71234" status="PASS">
          <reporter-output>
          </reporter-output>
        </test-method> <!-- ValidatetheDomesticDefaultFlightBookDetailsoneWaywithFareArmedforceClassPremiumEconomy -->
        <test-method is-config="true" signature="endup()[pri:0, instance:testScripts.FlightReviewBookPageTest@510f3d34]" started-at="2023-09-22T19:25:14 IST" name="endup" finished-at="2023-09-22T19:25:20 IST" duration-ms="6152" status="PASS">
          <reporter-output>
          </reporter-output>
        </test-method> <!-- endup -->
        <test-method is-config="true" signature="Setup()[pri:0, instance:testScripts.FlightReviewBookPageTest@510f3d34]" started-at="2023-09-22T19:25:20 IST" name="Setup" finished-at="2023-09-22T19:25:26 IST" duration-ms="6204" status="PASS">
          <reporter-output>
          </reporter-output>
        </test-method> <!-- Setup -->
        <test-method signature="ValidatetheDomesticDefaultFlightBookDetailsoneWaywithFareArmedforceClassfirst()[pri:0, instance:testScripts.FlightReviewBookPageTest@510f3d34]" started-at="2023-09-22T19:25:26 IST" name="ValidatetheDomesticDefaultFlightBookDetailsoneWaywithFareArmedforceClassfirst" finished-at="2023-09-22T19:25:30 IST" duration-ms="3800" status="PASS">
          <reporter-output>
          </reporter-output>
        </test-method> <!-- ValidatetheDomesticDefaultFlightBookDetailsoneWaywithFareArmedforceClassfirst -->
        <test-method is-config="true" signature="endup()[pri:0, instance:testScripts.FlightReviewBookPageTest@510f3d34]" started-at="2023-09-22T19:25:30 IST" name="endup" finished-at="2023-09-22T19:25:36 IST" duration-ms="6000" status="PASS">
          <reporter-output>
          </reporter-output>
        </test-method> <!-- endup -->
        <test-method is-config="true" signature="Setup()[pri:0, instance:testScripts.FlightReviewBookPageTest@510f3d34]" started-at="2023-09-22T19:25:36 IST" name="Setup" finished-at="2023-09-22T19:25:44 IST" duration-ms="7648" status="PASS">
          <reporter-output>
          </reporter-output>
        </test-method> <!-- Setup -->
        <test-method signature="ValidatetheDomesticDefaultFlightBookDetailsoneWaywithFareSeniorCitizen()[pri:0, instance:testScripts.FlightReviewBookPageTest@510f3d34]" started-at="2023-09-22T19:25:44 IST" name="ValidatetheDomesticDefaultFlightBookDetailsoneWaywithFareSeniorCitizen" finished-at="2023-09-22T19:26:14 IST" duration-ms="30185" status="FAIL">
          <exception class="org.openqa.selenium.NoSuchElementException">
            <message>
              <![CDATA[no such element: Unable to locate element: {"method":"css selector","selector":"#fare\ id"}
  (Session info: chrome=115.0.5790.170)
For documentation on this error, please visit: https://www.selenium.dev/documentation/webdriver/troubleshooting/errors#no-such-element-exception
Build info: version: '4.11.0', revision: '040bc5406b'
System info: os.name: 'Linux', os.arch: 'amd64', os.version: '5.15.0-84-generic', java.version: '20.0.1'
Driver info: org.openqa.selenium.chrome.ChromeDriver
Command: [924c8f03f7d67f8cc20d12e00ded2fdb, findElement {using=id, value=fare id}]
Capabilities {acceptInsecureCerts: false, browserName: chrome, browserVersion: 115.0.5790.170, chrome: {chromedriverVersion: 114.0.5735.90 (386bc09e8f4f..., userDataDir: /tmp/.com.google.Chrome.QXFLV2}, goog:chromeOptions: {debuggerAddress: localhost:34217}, networkConnectionEnabled: false, pageLoadStrategy: normal, platformName: linux, proxy: Proxy(), se:cdp: ws://localhost:34217/devtoo..., se:cdpVersion: 115.0.5790.170, setWindowRect: true, strictFileInteractability: false, timeouts: {implicit: 0, pageLoad: 300000, script: 30000}, unhandledPromptBehavior: dismiss and notify, webauthn:extension:credBlob: true, webauthn:extension:largeBlob: true, webauthn:extension:minPinLength: true, webauthn:extension:prf: true, webauthn:virtualAuthenticators: true}
Session ID: 924c8f03f7d67f8cc20d12e00ded2fdb]]>
            </message>
            <full-stacktrace>
              <![CDATA[org.openqa.selenium.NoSuchElementException: no such element: Unable to locate element: {"method":"css selector","selector":"#fare\ id"}
  (Session info: chrome=115.0.5790.170)
For documentation on this error, please visit: https://www.selenium.dev/documentation/webdriver/troubleshooting/errors#no-such-element-exception
Build info: version: '4.11.0', revision: '040bc5406b'
System info: os.name: 'Linux', os.arch: 'amd64', os.version: '5.15.0-84-generic', java.version: '20.0.1'
Driver info: org.openqa.selenium.chrome.ChromeDriver
Command: [924c8f03f7d67f8cc20d12e00ded2fdb, findElement {using=id, value=fare id}]
Capabilities {acceptInsecureCerts: false, browserName: chrome, browserVersion: 115.0.5790.170, chrome: {chromedriverVersion: 114.0.5735.90 (386bc09e8f4f..., userDataDir: /tmp/.com.google.Chrome.QXFLV2}, goog:chromeOptions: {debuggerAddress: localhost:34217}, networkConnectionEnabled: false, pageLoadStrategy: normal, platformName: linux, proxy: Proxy(), se:cdp: ws://localhost:34217/devtoo..., se:cdpVersion: 115.0.5790.170, setWindowRect: true, strictFileInteractability: false, timeouts: {implicit: 0, pageLoad: 300000, script: 30000}, unhandledPromptBehavior: dismiss and notify, webauthn:extension:credBlob: true, webauthn:extension:largeBlob: true, webauthn:extension:minPinLength: true, webauthn:extension:prf: true, webauthn:virtualAuthenticators: true}
Session ID: 924c8f03f7d67f8cc20d12e00ded2fdb
at java.base/jdk.internal.reflect.DirectConstructorHandleAccessor.newInstance(DirectConstructorHandleAccessor.java:67)
at java.base/java.lang.reflect.Constructor.newInstanceWithCaller(Constructor.java:500)
at java.base/java.lang.reflect.Constructor.newInstance(Constructor.java:484)
at org.openqa.selenium.remote.codec.w3c.W3CHttpResponseCodec.createException(W3CHttpResponseCodec.java:200)
at org.openqa.selenium.remote.codec.w3c.W3CHttpResponseCodec.decode(W3CHttpResponseCodec.java:133)
at org.openqa.selenium.remote.codec.w3c.W3CHttpResponseCodec.decode(W3CHttpResponseCodec.java:52)
at org.openqa.selenium.remote.HttpCommandExecutor.execute(HttpCommandExecutor.java:191)
at org.openqa.selenium.remote.service.DriverCommandExecutor.invokeExecute(DriverCommandExecutor.java:196)
at org.openqa.selenium.remote.service.DriverCommandExecutor.execute(DriverCommandExecutor.java:171)
at org.openqa.selenium.remote.RemoteWebDriver.execute(RemoteWebDriver.java:518)
at org.openqa.selenium.remote.ElementLocation$ElementFinder$2.findElement(ElementLocation.java:165)
at org.openqa.selenium.remote.ElementLocation.findElement(ElementLocation.java:59)
at org.openqa.selenium.remote.RemoteWebDriver.findElement(RemoteWebDriver.java:355)
at org.openqa.selenium.remote.RemoteWebDriver.findElement(RemoteWebDriver.java:349)
at org.openqa.selenium.support.pagefactory.DefaultElementLocator.findElement(DefaultElementLocator.java:68)
at org.openqa.selenium.support.pagefactory.internal.LocatingElementHandler.invoke(LocatingElementHandler.java:38)
at jdk.proxy2/jdk.proxy2.$Proxy11.click(Unknown Source)
at pageObjects.FlightResultsPageObjects.bookflights(FlightResultsPageObjects.java:34)
at testScripts.FlightReviewBookPageTest.ValidatetheDomesticDefaultFlightBookDetailsoneWaywithFareSeniorCitizen(FlightReviewBookPageTest.java:1036)
at java.base/jdk.internal.reflect.DirectMethodHandleAccessor.invoke(DirectMethodHandleAccessor.java:104)
at java.base/java.lang.reflect.Method.invoke(Method.java:578)
at org.testng.internal.invokers.MethodInvocationHelper.invokeMethod(MethodInvocationHelper.java:139)
at org.testng.internal.invokers.TestInvoker.invokeMethod(TestInvoker.java:664)
at org.testng.internal.invokers.TestInvoker.invokeTestMethod(TestInvoker.java:227)
at org.testng.internal.invokers.MethodRunner.runInSequence(MethodRunner.java:50)
at org.testng.internal.invokers.TestInvoker$MethodInvocationAgent.invoke(TestInvoker.java:957)
at org.testng.internal.invokers.TestInvoker.invokeTestMethods(TestInvoker.java:200)
at org.testng.internal.invokers.TestMethodWorker.invokeTestMethods(TestMethodWorker.java:148)
at org.testng.internal.invokers.TestMethodWorker.run(TestMethodWorker.java:128)
at java.base/java.util.ArrayList.forEach(ArrayList.java:1511)
at org.testng.TestRunner.privateRun(TestRunner.java:848)
at org.testng.TestRunner.run(TestRunner.java:621)
at org.testng.SuiteRunner.runTest(SuiteRunner.java:443)
at org.testng.SuiteRunner.runSequentially(SuiteRunner.java:437)
at org.testng.SuiteRunner.privateRun(SuiteRunner.java:397)
at org.testng.SuiteRunner.run(SuiteRunner.java:336)
at org.testng.SuiteRunnerWorker.runSuite(SuiteRunnerWorker.java:52)
at org.testng.SuiteRunnerWorker.run(SuiteRunnerWorker.java:95)
at org.testng.TestNG.runSuitesSequentially(TestNG.java:1280)
at org.testng.TestNG.runSuitesLocally(TestNG.java:1200)
at org.testng.TestNG.runSuites(TestNG.java:1114)
at org.testng.TestNG.run(TestNG.java:1082)
at org.testng.remote.AbstractRemoteTestNG.run(AbstractRemoteTestNG.java:115)
at org.testng.remote.RemoteTestNG.initAndRun(RemoteTestNG.java:251)
at org.testng.remote.RemoteTestNG.main(RemoteTestNG.java:77)
]]>
            </full-stacktrace>
          </exception> <!-- org.openqa.selenium.NoSuchElementException -->
          <reporter-output>
          </reporter-output>
        </test-method> <!-- ValidatetheDomesticDefaultFlightBookDetailsoneWaywithFareSeniorCitizen -->
        <test-method is-config="true" signature="endup()[pri:0, instance:testScripts.FlightReviewBookPageTest@510f3d34]" started-at="2023-09-22T19:26:14 IST" name="endup" finished-at="2023-09-22T19:26:20 IST" duration-ms="6103" status="PASS">
          <reporter-output>
          </reporter-output>
        </test-method> <!-- endup -->
        <test-method is-config="true" signature="Setup()[pri:0, instance:testScripts.FlightReviewBookPageTest@510f3d34]" started-at="2023-09-22T19:26:20 IST" name="Setup" finished-at="2023-09-22T19:26:26 IST" duration-ms="5475" status="PASS">
          <reporter-output>
          </reporter-output>
        </test-method> <!-- Setup -->
        <test-method signature="ValidatetheDomesticDefaultFlightBookDetailsoneWaywithFareSeniorCitizenclassBusiness()[pri:0, instance:testScripts.FlightReviewBookPageTest@510f3d34]" started-at="2023-09-22T19:26:26 IST" name="ValidatetheDomesticDefaultFlightBookDetailsoneWaywithFareSeniorCitizenclassBusiness" finished-at="2023-09-22T19:26:28 IST" duration-ms="2351" status="PASS">
          <reporter-output>
          </reporter-output>
        </test-method> <!-- ValidatetheDomesticDefaultFlightBookDetailsoneWaywithFareSeniorCitizenclassBusiness -->
        <test-method is-config="true" signature="endup()[pri:0, instance:testScripts.FlightReviewBookPageTest@510f3d34]" started-at="2023-09-22T19:26:28 IST" name="endup" finished-at="2023-09-22T19:26:34 IST" duration-ms="6000" status="PASS">
          <reporter-output>
          </reporter-output>
        </test-method> <!-- endup -->
        <test-method is-config="true" signature="Setup()[pri:0, instance:testScripts.FlightReviewBookPageTest@510f3d34]" started-at="2023-09-22T19:26:34 IST" name="Setup" finished-at="2023-09-22T19:26:41 IST" duration-ms="7118" status="PASS">
          <reporter-output>
          </reporter-output>
        </test-method> <!-- Setup -->
        <test-method signature="ValidatetheDomesticDefaultFlightBookDetailsoneWaywithFareSeniorCitizenclassPremiumEconomy()[pri:0, instance:testScripts.FlightReviewBookPageTest@510f3d34]" started-at="2023-09-22T19:26:41 IST" name="ValidatetheDomesticDefaultFlightBookDetailsoneWaywithFareSeniorCitizenclassPremiumEconomy" finished-at="2023-09-22T19:26:43 IST" duration-ms="1702" status="PASS">
          <reporter-output>
          </reporter-output>
        </test-method> <!-- ValidatetheDomesticDefaultFlightBookDetailsoneWaywithFareSeniorCitizenclassPremiumEconomy -->
        <test-method is-config="true" signature="endup()[pri:0, instance:testScripts.FlightReviewBookPageTest@510f3d34]" started-at="2023-09-22T19:26:43 IST" name="endup" finished-at="2023-09-22T19:26:49 IST" duration-ms="6001" status="PASS">
          <reporter-output>
          </reporter-output>
        </test-method> <!-- endup -->
        <test-method is-config="true" signature="Setup()[pri:0, instance:testScripts.FlightReviewBookPageTest@510f3d34]" started-at="2023-09-22T19:26:49 IST" name="Setup" finished-at="2023-09-22T19:26:55 IST" duration-ms="6142" status="PASS">
          <reporter-output>
          </reporter-output>
        </test-method> <!-- Setup -->
        <test-method signature="ValidatetheDomesticDefaultFlightBookDetailsoneWaywithFareSeniorCitizenclassfirst()[pri:0, instance:testScripts.FlightReviewBookPageTest@510f3d34]" started-at="2023-09-22T19:26:55 IST" name="ValidatetheDomesticDefaultFlightBookDetailsoneWaywithFareSeniorCitizenclassfirst" finished-at="2023-09-22T19:26:57 IST" duration-ms="1924" status="PASS">
          <reporter-output>
          </reporter-output>
        </test-method> <!-- ValidatetheDomesticDefaultFlightBookDetailsoneWaywithFareSeniorCitizenclassfirst -->
        <test-method is-config="true" signature="endup()[pri:0, instance:testScripts.FlightReviewBookPageTest@510f3d34]" started-at="2023-09-22T19:26:57 IST" name="endup" finished-at="2023-09-22T19:27:03 IST" duration-ms="6001" status="PASS">
          <reporter-output>
          </reporter-output>
        </test-method> <!-- endup -->
        <test-method is-config="true" signature="Setup()[pri:0, instance:testScripts.FlightReviewBookPageTest@510f3d34]" started-at="2023-09-22T19:27:03 IST" name="Setup" finished-at="2023-09-22T19:27:09 IST" duration-ms="6086" status="PASS">
          <reporter-output>
          </reporter-output>
        </test-method> <!-- Setup -->
        <test-method signature="ValidatetheDomesticDefaultFlightBookDetailsoneWaywithFareStudent()[pri:0, instance:testScripts.FlightReviewBookPageTest@510f3d34]" started-at="2023-09-22T19:27:09 IST" name="ValidatetheDomesticDefaultFlightBookDetailsoneWaywithFareStudent" finished-at="2023-09-22T19:27:39 IST" duration-ms="30200" status="FAIL">
          <exception class="org.openqa.selenium.NoSuchElementException">
            <message>
              <![CDATA[no such element: Unable to locate element: {"method":"css selector","selector":"#fare\ id"}
  (Session info: chrome=115.0.5790.170)
For documentation on this error, please visit: https://www.selenium.dev/documentation/webdriver/troubleshooting/errors#no-such-element-exception
Build info: version: '4.11.0', revision: '040bc5406b'
System info: os.name: 'Linux', os.arch: 'amd64', os.version: '5.15.0-84-generic', java.version: '20.0.1'
Driver info: org.openqa.selenium.chrome.ChromeDriver
Command: [1897b65fe31aa7ecd5ebf747103bc027, findElement {using=id, value=fare id}]
Capabilities {acceptInsecureCerts: false, browserName: chrome, browserVersion: 115.0.5790.170, chrome: {chromedriverVersion: 114.0.5735.90 (386bc09e8f4f..., userDataDir: /tmp/.com.google.Chrome.eYUg6A}, goog:chromeOptions: {debuggerAddress: localhost:40019}, networkConnectionEnabled: false, pageLoadStrategy: normal, platformName: linux, proxy: Proxy(), se:cdp: ws://localhost:40019/devtoo..., se:cdpVersion: 115.0.5790.170, setWindowRect: true, strictFileInteractability: false, timeouts: {implicit: 0, pageLoad: 300000, script: 30000}, unhandledPromptBehavior: dismiss and notify, webauthn:extension:credBlob: true, webauthn:extension:largeBlob: true, webauthn:extension:minPinLength: true, webauthn:extension:prf: true, webauthn:virtualAuthenticators: true}
Session ID: 1897b65fe31aa7ecd5ebf747103bc027]]>
            </message>
            <full-stacktrace>
              <![CDATA[org.openqa.selenium.NoSuchElementException: no such element: Unable to locate element: {"method":"css selector","selector":"#fare\ id"}
  (Session info: chrome=115.0.5790.170)
For documentation on this error, please visit: https://www.selenium.dev/documentation/webdriver/troubleshooting/errors#no-such-element-exception
Build info: version: '4.11.0', revision: '040bc5406b'
System info: os.name: 'Linux', os.arch: 'amd64', os.version: '5.15.0-84-generic', java.version: '20.0.1'
Driver info: org.openqa.selenium.chrome.ChromeDriver
Command: [1897b65fe31aa7ecd5ebf747103bc027, findElement {using=id, value=fare id}]
Capabilities {acceptInsecureCerts: false, browserName: chrome, browserVersion: 115.0.5790.170, chrome: {chromedriverVersion: 114.0.5735.90 (386bc09e8f4f..., userDataDir: /tmp/.com.google.Chrome.eYUg6A}, goog:chromeOptions: {debuggerAddress: localhost:40019}, networkConnectionEnabled: false, pageLoadStrategy: normal, platformName: linux, proxy: Proxy(), se:cdp: ws://localhost:40019/devtoo..., se:cdpVersion: 115.0.5790.170, setWindowRect: true, strictFileInteractability: false, timeouts: {implicit: 0, pageLoad: 300000, script: 30000}, unhandledPromptBehavior: dismiss and notify, webauthn:extension:credBlob: true, webauthn:extension:largeBlob: true, webauthn:extension:minPinLength: true, webauthn:extension:prf: true, webauthn:virtualAuthenticators: true}
Session ID: 1897b65fe31aa7ecd5ebf747103bc027
at java.base/jdk.internal.reflect.DirectConstructorHandleAccessor.newInstance(DirectConstructorHandleAccessor.java:67)
at java.base/java.lang.reflect.Constructor.newInstanceWithCaller(Constructor.java:500)
at java.base/java.lang.reflect.Constructor.newInstance(Constructor.java:484)
at org.openqa.selenium.remote.codec.w3c.W3CHttpResponseCodec.createException(W3CHttpResponseCodec.java:200)
at org.openqa.selenium.remote.codec.w3c.W3CHttpResponseCodec.decode(W3CHttpResponseCodec.java:133)
at org.openqa.selenium.remote.codec.w3c.W3CHttpResponseCodec.decode(W3CHttpResponseCodec.java:52)
at org.openqa.selenium.remote.HttpCommandExecutor.execute(HttpCommandExecutor.java:191)
at org.openqa.selenium.remote.service.DriverCommandExecutor.invokeExecute(DriverCommandExecutor.java:196)
at org.openqa.selenium.remote.service.DriverCommandExecutor.execute(DriverCommandExecutor.java:171)
at org.openqa.selenium.remote.RemoteWebDriver.execute(RemoteWebDriver.java:518)
at org.openqa.selenium.remote.ElementLocation$ElementFinder$2.findElement(ElementLocation.java:165)
at org.openqa.selenium.remote.ElementLocation.findElement(ElementLocation.java:59)
at org.openqa.selenium.remote.RemoteWebDriver.findElement(RemoteWebDriver.java:355)
at org.openqa.selenium.remote.RemoteWebDriver.findElement(RemoteWebDriver.java:349)
at org.openqa.selenium.support.pagefactory.DefaultElementLocator.findElement(DefaultElementLocator.java:68)
at org.openqa.selenium.support.pagefactory.internal.LocatingElementHandler.invoke(LocatingElementHandler.java:38)
at jdk.proxy2/jdk.proxy2.$Proxy11.click(Unknown Source)
at pageObjects.FlightResultsPageObjects.bookflights(FlightResultsPageObjects.java:34)
at testScripts.FlightReviewBookPageTest.ValidatetheDomesticDefaultFlightBookDetailsoneWaywithFareStudent(FlightReviewBookPageTest.java:572)
at java.base/jdk.internal.reflect.DirectMethodHandleAccessor.invoke(DirectMethodHandleAccessor.java:104)
at java.base/java.lang.reflect.Method.invoke(Method.java:578)
at org.testng.internal.invokers.MethodInvocationHelper.invokeMethod(MethodInvocationHelper.java:139)
at org.testng.internal.invokers.TestInvoker.invokeMethod(TestInvoker.java:664)
at org.testng.internal.invokers.TestInvoker.invokeTestMethod(TestInvoker.java:227)
at org.testng.internal.invokers.MethodRunner.runInSequence(MethodRunner.java:50)
at org.testng.internal.invokers.TestInvoker$MethodInvocationAgent.invoke(TestInvoker.java:957)
at org.testng.internal.invokers.TestInvoker.invokeTestMethods(TestInvoker.java:200)
at org.testng.internal.invokers.TestMethodWorker.invokeTestMethods(TestMethodWorker.java:148)
at org.testng.internal.invokers.TestMethodWorker.run(TestMethodWorker.java:128)
at java.base/java.util.ArrayList.forEach(ArrayList.java:1511)
at org.testng.TestRunner.privateRun(TestRunner.java:848)
at org.testng.TestRunner.run(TestRunner.java:621)
at org.testng.SuiteRunner.runTest(SuiteRunner.java:443)
at org.testng.SuiteRunner.runSequentially(SuiteRunner.java:437)
at org.testng.SuiteRunner.privateRun(SuiteRunner.java:397)
at org.testng.SuiteRunner.run(SuiteRunner.java:336)
at org.testng.SuiteRunnerWorker.runSuite(SuiteRunnerWorker.java:52)
at org.testng.SuiteRunnerWorker.run(SuiteRunnerWorker.java:95)
at org.testng.TestNG.runSuitesSequentially(TestNG.java:1280)
at org.testng.TestNG.runSuitesLocally(TestNG.java:1200)
at org.testng.TestNG.runSuites(TestNG.java:1114)
at org.testng.TestNG.run(TestNG.java:1082)
at org.testng.remote.AbstractRemoteTestNG.run(AbstractRemoteTestNG.java:115)
at org.testng.remote.RemoteTestNG.initAndRun(RemoteTestNG.java:251)
at org.testng.remote.RemoteTestNG.main(RemoteTestNG.java:77)
]]>
            </full-stacktrace>
          </exception> <!-- org.openqa.selenium.NoSuchElementException -->
          <reporter-output>
          </reporter-output>
        </test-method> <!-- ValidatetheDomesticDefaultFlightBookDetailsoneWaywithFareStudent -->
        <test-method is-config="true" signature="endup()[pri:0, instance:testScripts.FlightReviewBookPageTest@510f3d34]" started-at="2023-09-22T19:27:39 IST" name="endup" finished-at="2023-09-22T19:27:45 IST" duration-ms="6103" status="PASS">
          <reporter-output>
          </reporter-output>
        </test-method> <!-- endup -->
        <test-method is-config="true" signature="Setup()[pri:0, instance:testScripts.FlightReviewBookPageTest@510f3d34]" started-at="2023-09-22T19:27:45 IST" name="Setup" finished-at="2023-09-22T19:27:52 IST" duration-ms="6441" status="PASS">
          <reporter-output>
          </reporter-output>
        </test-method> <!-- Setup -->
        <test-method signature="ValidatetheDomesticDefaultFlightBookDetailsoneWaywithFareStudentclassBusiness()[pri:0, instance:testScripts.FlightReviewBookPageTest@510f3d34]" started-at="2023-09-22T19:27:52 IST" name="ValidatetheDomesticDefaultFlightBookDetailsoneWaywithFareStudentclassBusiness" finished-at="2023-09-22T19:27:54 IST" duration-ms="2219" status="PASS">
          <reporter-output>
          </reporter-output>
        </test-method> <!-- ValidatetheDomesticDefaultFlightBookDetailsoneWaywithFareStudentclassBusiness -->
        <test-method is-config="true" signature="endup()[pri:0, instance:testScripts.FlightReviewBookPageTest@510f3d34]" started-at="2023-09-22T19:27:54 IST" name="endup" finished-at="2023-09-22T19:28:00 IST" duration-ms="6001" status="PASS">
          <reporter-output>
          </reporter-output>
        </test-method> <!-- endup -->
        <test-method is-config="true" signature="Setup()[pri:0, instance:testScripts.FlightReviewBookPageTest@510f3d34]" started-at="2023-09-22T19:28:00 IST" name="Setup" finished-at="2023-09-22T19:28:07 IST" duration-ms="6661" status="PASS">
          <reporter-output>
          </reporter-output>
        </test-method> <!-- Setup -->
        <test-method signature="ValidatetheDomesticDefaultFlightBookDetailsoneWaywithFareStudentclassPremiumEconomy()[pri:0, instance:testScripts.FlightReviewBookPageTest@510f3d34]" started-at="2023-09-22T19:28:07 IST" name="ValidatetheDomesticDefaultFlightBookDetailsoneWaywithFareStudentclassPremiumEconomy" finished-at="2023-09-22T19:28:08 IST" duration-ms="1875" status="PASS">
          <reporter-output>
          </reporter-output>
        </test-method> <!-- ValidatetheDomesticDefaultFlightBookDetailsoneWaywithFareStudentclassPremiumEconomy -->
        <test-method is-config="true" signature="endup()[pri:0, instance:testScripts.FlightReviewBookPageTest@510f3d34]" started-at="2023-09-22T19:28:08 IST" name="endup" finished-at="2023-09-22T19:28:14 IST" duration-ms="6000" status="PASS">
          <reporter-output>
          </reporter-output>
        </test-method> <!-- endup -->
        <test-method is-config="true" signature="Setup()[pri:0, instance:testScripts.FlightReviewBookPageTest@510f3d34]" started-at="2023-09-22T19:28:14 IST" name="Setup" finished-at="2023-09-22T19:28:21 IST" duration-ms="6452" status="PASS">
          <reporter-output>
          </reporter-output>
        </test-method> <!-- Setup -->
        <test-method signature="ValidatetheDomesticDefaultFlightBookDetailsoneWaywithFareStudentclassfirst()[pri:0, instance:testScripts.FlightReviewBookPageTest@510f3d34]" started-at="2023-09-22T19:28:21 IST" name="ValidatetheDomesticDefaultFlightBookDetailsoneWaywithFareStudentclassfirst" finished-at="2023-09-22T19:28:23 IST" duration-ms="2028" status="PASS">
          <reporter-output>
          </reporter-output>
        </test-method> <!-- ValidatetheDomesticDefaultFlightBookDetailsoneWaywithFareStudentclassfirst -->
        <test-method is-config="true" signature="endup()[pri:0, instance:testScripts.FlightReviewBookPageTest@510f3d34]" started-at="2023-09-22T19:28:23 IST" name="endup" finished-at="2023-09-22T19:28:29 IST" duration-ms="6000" status="PASS">
          <reporter-output>
          </reporter-output>
        </test-method> <!-- endup -->
        <test-method is-config="true" signature="Setup()[pri:0, instance:testScripts.FlightReviewBookPageTest@510f3d34]" started-at="2023-09-22T19:28:29 IST" name="Setup" finished-at="2023-09-22T19:28:35 IST" duration-ms="6185" status="PASS">
          <reporter-output>
          </reporter-output>
        </test-method> <!-- Setup -->
        <test-method signature="ValidatetheDomesticDefaultFlightBookDetailsoneWaywithdoctorandnurses()[pri:0, instance:testScripts.FlightReviewBookPageTest@510f3d34]" started-at="2023-09-22T19:28:35 IST" name="ValidatetheDomesticDefaultFlightBookDetailsoneWaywithdoctorandnurses" finished-at="2023-09-22T19:29:16 IST" duration-ms="40965" status="PASS">
          <reporter-output>
          </reporter-output>
        </test-method> <!-- ValidatetheDomesticDefaultFlightBookDetailsoneWaywithdoctorandnurses -->
        <test-method is-config="true" signature="endup()[pri:0, instance:testScripts.FlightReviewBookPageTest@510f3d34]" started-at="2023-09-22T19:29:16 IST" name="endup" finished-at="2023-09-22T19:29:22 IST" duration-ms="6102" status="PASS">
          <reporter-output>
          </reporter-output>
        </test-method> <!-- endup -->
        <test-method is-config="true" signature="Setup()[pri:0, instance:testScripts.FlightReviewBookPageTest@510f3d34]" started-at="2023-09-22T19:29:22 IST" name="Setup" finished-at="2023-09-22T19:29:29 IST" duration-ms="6959" status="PASS">
          <reporter-output>
          </reporter-output>
        </test-method> <!-- Setup -->
        <test-method signature="ValidatetheDomesticDefaultFlightBookDetailsoneWaywithdoctorandnursesclassBusiness()[pri:0, instance:testScripts.FlightReviewBookPageTest@510f3d34]" started-at="2023-09-22T19:29:29 IST" name="ValidatetheDomesticDefaultFlightBookDetailsoneWaywithdoctorandnursesclassBusiness" finished-at="2023-09-22T19:30:08 IST" duration-ms="39212" status="FAIL">
          <exception class="org.openqa.selenium.NoSuchElementException">
            <message>
              <![CDATA[Unable to find element with locator By.id: travller-lastname100
For documentation on this error, please visit: https://www.selenium.dev/documentation/webdriver/troubleshooting/errors#no-such-element-exception
Build info: version: '4.11.0', revision: '040bc5406b'
System info: os.name: 'Linux', os.arch: 'amd64', os.version: '5.15.0-84-generic', java.version: '20.0.1'
Driver info: driver.version: RemoteWebDriver]]>
            </message>
            <full-stacktrace>
              <![CDATA[org.openqa.selenium.NoSuchElementException: Unable to find element with locator By.id: travller-lastname100
For documentation on this error, please visit: https://www.selenium.dev/documentation/webdriver/troubleshooting/errors#no-such-element-exception
Build info: version: '4.11.0', revision: '040bc5406b'
System info: os.name: 'Linux', os.arch: 'amd64', os.version: '5.15.0-84-generic', java.version: '20.0.1'
Driver info: driver.version: RemoteWebDriver
at org.openqa.selenium.remote.ElementLocation$ElementFinder$2.findElement(ElementLocation.java:168)
at org.openqa.selenium.remote.ElementLocation.findElement(ElementLocation.java:59)
at org.openqa.selenium.remote.RemoteWebDriver.findElement(RemoteWebDriver.java:355)
at org.openqa.selenium.remote.RemoteWebDriver.findElement(RemoteWebDriver.java:349)
at org.openqa.selenium.support.pagefactory.DefaultElementLocator.findElement(DefaultElementLocator.java:68)
at org.openqa.selenium.support.pagefactory.internal.LocatingElementHandler.invoke(LocatingElementHandler.java:38)
at jdk.proxy2/jdk.proxy2.$Proxy11.getWrappedElement(Unknown Source)
at org.openqa.selenium.remote.internal.WebElementToJsonConverter.apply(WebElementToJsonConverter.java:51)
at java.base/java.util.stream.ReferencePipeline$3$1.accept(ReferencePipeline.java:197)
at java.base/java.util.Spliterators$ArraySpliterator.forEachRemaining(Spliterators.java:1006)
at java.base/java.util.stream.AbstractPipeline.copyInto(AbstractPipeline.java:509)
at java.base/java.util.stream.AbstractPipeline.wrapAndCopyInto(AbstractPipeline.java:499)
at java.base/java.util.stream.ReduceOps$ReduceOp.evaluateSequential(ReduceOps.java:921)
at java.base/java.util.stream.AbstractPipeline.evaluate(AbstractPipeline.java:234)
at java.base/java.util.stream.ReferencePipeline.collect(ReferencePipeline.java:682)
at org.openqa.selenium.remote.RemoteWebDriver.executeScript(RemoteWebDriver.java:461)
at pageObjects.FlightReviewPageObjects.travellerfirstname(FlightReviewPageObjects.java:191)
at testScripts.FlightReviewBookPageTest.ValidatetheDomesticDefaultFlightBookDetailsoneWaywithdoctorandnursesclassBusiness(FlightReviewBookPageTest.java:1012)
at java.base/jdk.internal.reflect.DirectMethodHandleAccessor.invoke(DirectMethodHandleAccessor.java:104)
at java.base/java.lang.reflect.Method.invoke(Method.java:578)
at org.testng.internal.invokers.MethodInvocationHelper.invokeMethod(MethodInvocationHelper.java:139)
at org.testng.internal.invokers.TestInvoker.invokeMethod(TestInvoker.java:664)
at org.testng.internal.invokers.TestInvoker.invokeTestMethod(TestInvoker.java:227)
at org.testng.internal.invokers.MethodRunner.runInSequence(MethodRunner.java:50)
at org.testng.internal.invokers.TestInvoker$MethodInvocationAgent.invoke(TestInvoker.java:957)
at org.testng.internal.invokers.TestInvoker.invokeTestMethods(TestInvoker.java:200)
at org.testng.internal.invokers.TestMethodWorker.invokeTestMethods(TestMethodWorker.java:148)
at org.testng.internal.invokers.TestMethodWorker.run(TestMethodWorker.java:128)
at java.base/java.util.ArrayList.forEach(ArrayList.java:1511)
at org.testng.TestRunner.privateRun(TestRunner.java:848)
at org.testng.TestRunner.run(TestRunner.java:621)
at org.testng.SuiteRunner.runTest(SuiteRunner.java:443)
at org.testng.SuiteRunner.runSequentially(SuiteRunner.java:437)
at org.testng.SuiteRunner.privateRun(SuiteRunner.java:397)
at org.testng.SuiteRunner.run(SuiteRunner.java:336)
at org.testng.SuiteRunnerWorker.runSuite(SuiteRunnerWorker.java:52)
at org.testng.SuiteRunnerWorker.run(SuiteRunnerWorker.java:95)
at org.testng.TestNG.runSuitesSequentially(TestNG.java:1280)
at org.testng.TestNG.runSuitesLocally(TestNG.java:1200)
at org.testng.TestNG.runSuites(TestNG.java:1114)
at org.testng.TestNG.run(TestNG.java:1082)
at org.testng.remote.AbstractRemoteTestNG.run(AbstractRemoteTestNG.java:115)
at org.testng.remote.RemoteTestNG.initAndRun(RemoteTestNG.java:251)
at org.testng.remote.RemoteTestNG.main(RemoteTestNG.java:77)
]]>
            </full-stacktrace>
          </exception> <!-- org.openqa.selenium.NoSuchElementException -->
          <reporter-output>
          </reporter-output>
        </test-method> <!-- ValidatetheDomesticDefaultFlightBookDetailsoneWaywithdoctorandnursesclassBusiness -->
        <test-method is-config="true" signature="endup()[pri:0, instance:testScripts.FlightReviewBookPageTest@510f3d34]" started-at="2023-09-22T19:30:08 IST" name="endup" finished-at="2023-09-22T19:30:14 IST" duration-ms="6120" status="PASS">
          <reporter-output>
          </reporter-output>
        </test-method> <!-- endup -->
        <test-method is-config="true" signature="Setup()[pri:0, instance:testScripts.FlightReviewBookPageTest@510f3d34]" started-at="2023-09-22T19:30:14 IST" name="Setup" finished-at="2023-09-22T19:30:20 IST" duration-ms="5928" status="PASS">
          <reporter-output>
          </reporter-output>
        </test-method> <!-- Setup -->
        <test-method signature="ValidatetheDomesticDefaultFlightBookDetailsoneWaywithdoctorandnursesclassPremiumEconomy()[pri:0, instance:testScripts.FlightReviewBookPageTest@510f3d34]" started-at="2023-09-22T19:30:20 IST" name="ValidatetheDomesticDefaultFlightBookDetailsoneWaywithdoctorandnursesclassPremiumEconomy" finished-at="2023-09-22T19:31:32 IST" duration-ms="71815" status="PASS">
          <reporter-output>
          </reporter-output>
        </test-method> <!-- ValidatetheDomesticDefaultFlightBookDetailsoneWaywithdoctorandnursesclassPremiumEconomy -->
        <test-method is-config="true" signature="endup()[pri:0, instance:testScripts.FlightReviewBookPageTest@510f3d34]" started-at="2023-09-22T19:31:32 IST" name="endup" finished-at="2023-09-22T19:31:38 IST" duration-ms="6129" status="PASS">
          <reporter-output>
          </reporter-output>
        </test-method> <!-- endup -->
        <test-method is-config="true" signature="Setup()[pri:0, instance:testScripts.FlightReviewBookPageTest@510f3d34]" started-at="2023-09-22T19:31:38 IST" name="Setup" finished-at="2023-09-22T19:31:44 IST" duration-ms="5897" status="PASS">
          <reporter-output>
          </reporter-output>
        </test-method> <!-- Setup -->
        <test-method signature="ValidatetheDomesticDefaultFlightBookDetailsoneWaywithdoctorandnursesclassfirst()[pri:0, instance:testScripts.FlightReviewBookPageTest@510f3d34]" started-at="2023-09-22T19:31:44 IST" name="ValidatetheDomesticDefaultFlightBookDetailsoneWaywithdoctorandnursesclassfirst" finished-at="2023-09-22T19:31:48 IST" duration-ms="3720" status="PASS">
          <reporter-output>
          </reporter-output>
        </test-method> <!-- ValidatetheDomesticDefaultFlightBookDetailsoneWaywithdoctorandnursesclassfirst -->
        <test-method is-config="true" signature="endup()[pri:0, instance:testScripts.FlightReviewBookPageTest@510f3d34]" started-at="2023-09-22T19:31:48 IST" name="endup" finished-at="2023-09-22T19:31:54 IST" duration-ms="6000" status="PASS">
          <reporter-output>
          </reporter-output>
        </test-method> <!-- endup -->
        <test-method is-config="true" signature="Setup()[pri:0, instance:testScripts.FlightReviewBookPageTest@510f3d34]" started-at="2023-09-22T19:31:54 IST" name="Setup" finished-at="2023-09-22T19:32:00 IST" duration-ms="6460" status="PASS">
          <reporter-output>
          </reporter-output>
        </test-method> <!-- Setup -->
        <test-method signature="ValidatetheEnteringCityFlightBookDetailsRoundTrip()[pri:0, instance:testScripts.FlightReviewBookPageTest@510f3d34]" started-at="2023-09-22T19:32:00 IST" name="ValidatetheEnteringCityFlightBookDetailsRoundTrip" finished-at="2023-09-22T19:32:48 IST" duration-ms="47919" status="PASS">
          <reporter-output>
          </reporter-output>
        </test-method> <!-- ValidatetheEnteringCityFlightBookDetailsRoundTrip -->
        <test-method is-config="true" signature="endup()[pri:0, instance:testScripts.FlightReviewBookPageTest@510f3d34]" started-at="2023-09-22T19:32:48 IST" name="endup" finished-at="2023-09-22T19:32:54 IST" duration-ms="6103" status="PASS">
          <reporter-output>
          </reporter-output>
        </test-method> <!-- endup -->
        <test-method is-config="true" signature="Setup()[pri:0, instance:testScripts.FlightReviewBookPageTest@510f3d34]" started-at="2023-09-22T19:32:54 IST" name="Setup" finished-at="2023-09-22T19:33:01 IST" duration-ms="6593" status="PASS">
          <reporter-output>
          </reporter-output>
        </test-method> <!-- Setup -->
        <test-method signature="ValidatetheEnteringCityFlightBookDetailsRoundTripInternational()[pri:0, instance:testScripts.FlightReviewBookPageTest@510f3d34]" started-at="2023-09-22T19:33:01 IST" name="ValidatetheEnteringCityFlightBookDetailsRoundTripInternational" finished-at="2023-09-22T19:34:22 IST" duration-ms="81083" status="FAIL">
          <exception class="org.openqa.selenium.NoSuchElementException">
            <message>
              <![CDATA[no such element: Unable to locate element: {"method":"css selector","selector":"#travller\-dob100"}
  (Session info: chrome=115.0.5790.170)
For documentation on this error, please visit: https://www.selenium.dev/documentation/webdriver/troubleshooting/errors#no-such-element-exception
Build info: version: '4.11.0', revision: '040bc5406b'
System info: os.name: 'Linux', os.arch: 'amd64', os.version: '5.15.0-84-generic', java.version: '20.0.1'
Driver info: org.openqa.selenium.chrome.ChromeDriver
Command: [e6c245af5b47537f609bf1d6312bbf37, findElement {using=id, value=travller-dob100}]
Capabilities {acceptInsecureCerts: false, browserName: chrome, browserVersion: 115.0.5790.170, chrome: {chromedriverVersion: 114.0.5735.90 (386bc09e8f4f..., userDataDir: /tmp/.com.google.Chrome.WloFD1}, goog:chromeOptions: {debuggerAddress: localhost:37163}, networkConnectionEnabled: false, pageLoadStrategy: normal, platformName: linux, proxy: Proxy(), se:cdp: ws://localhost:37163/devtoo..., se:cdpVersion: 115.0.5790.170, setWindowRect: true, strictFileInteractability: false, timeouts: {implicit: 0, pageLoad: 300000, script: 30000}, unhandledPromptBehavior: dismiss and notify, webauthn:extension:credBlob: true, webauthn:extension:largeBlob: true, webauthn:extension:minPinLength: true, webauthn:extension:prf: true, webauthn:virtualAuthenticators: true}
Session ID: e6c245af5b47537f609bf1d6312bbf37]]>
            </message>
            <full-stacktrace>
              <![CDATA[org.openqa.selenium.NoSuchElementException: no such element: Unable to locate element: {"method":"css selector","selector":"#travller\-dob100"}
  (Session info: chrome=115.0.5790.170)
For documentation on this error, please visit: https://www.selenium.dev/documentation/webdriver/troubleshooting/errors#no-such-element-exception
Build info: version: '4.11.0', revision: '040bc5406b'
System info: os.name: 'Linux', os.arch: 'amd64', os.version: '5.15.0-84-generic', java.version: '20.0.1'
Driver info: org.openqa.selenium.chrome.ChromeDriver
Command: [e6c245af5b47537f609bf1d6312bbf37, findElement {using=id, value=travller-dob100}]
Capabilities {acceptInsecureCerts: false, browserName: chrome, browserVersion: 115.0.5790.170, chrome: {chromedriverVersion: 114.0.5735.90 (386bc09e8f4f..., userDataDir: /tmp/.com.google.Chrome.WloFD1}, goog:chromeOptions: {debuggerAddress: localhost:37163}, networkConnectionEnabled: false, pageLoadStrategy: normal, platformName: linux, proxy: Proxy(), se:cdp: ws://localhost:37163/devtoo..., se:cdpVersion: 115.0.5790.170, setWindowRect: true, strictFileInteractability: false, timeouts: {implicit: 0, pageLoad: 300000, script: 30000}, unhandledPromptBehavior: dismiss and notify, webauthn:extension:credBlob: true, webauthn:extension:largeBlob: true, webauthn:extension:minPinLength: true, webauthn:extension:prf: true, webauthn:virtualAuthenticators: true}
Session ID: e6c245af5b47537f609bf1d6312bbf37
at java.base/jdk.internal.reflect.DirectConstructorHandleAccessor.newInstance(DirectConstructorHandleAccessor.java:67)
at java.base/java.lang.reflect.Constructor.newInstanceWithCaller(Constructor.java:500)
at java.base/java.lang.reflect.Constructor.newInstance(Constructor.java:484)
at org.openqa.selenium.remote.codec.w3c.W3CHttpResponseCodec.createException(W3CHttpResponseCodec.java:200)
at org.openqa.selenium.remote.codec.w3c.W3CHttpResponseCodec.decode(W3CHttpResponseCodec.java:133)
at org.openqa.selenium.remote.codec.w3c.W3CHttpResponseCodec.decode(W3CHttpResponseCodec.java:52)
at org.openqa.selenium.remote.HttpCommandExecutor.execute(HttpCommandExecutor.java:191)
at org.openqa.selenium.remote.service.DriverCommandExecutor.invokeExecute(DriverCommandExecutor.java:196)
at org.openqa.selenium.remote.service.DriverCommandExecutor.execute(DriverCommandExecutor.java:171)
at org.openqa.selenium.remote.RemoteWebDriver.execute(RemoteWebDriver.java:518)
at org.openqa.selenium.remote.ElementLocation$ElementFinder$2.findElement(ElementLocation.java:165)
at org.openqa.selenium.remote.ElementLocation.findElement(ElementLocation.java:59)
at org.openqa.selenium.remote.RemoteWebDriver.findElement(RemoteWebDriver.java:355)
at org.openqa.selenium.remote.RemoteWebDriver.findElement(RemoteWebDriver.java:349)
at org.openqa.selenium.support.pagefactory.DefaultElementLocator.findElement(DefaultElementLocator.java:68)
at org.openqa.selenium.support.pagefactory.internal.LocatingElementHandler.invoke(LocatingElementHandler.java:38)
at jdk.proxy2/jdk.proxy2.$Proxy11.click(Unknown Source)
at pageObjects.FlightReviewPageObjects.dob(FlightReviewPageObjects.java:220)
at testScripts.FlightReviewBookPageTest.ValidatetheEnteringCityFlightBookDetailsRoundTripInternational(FlightReviewBookPageTest.java:1546)
at java.base/jdk.internal.reflect.DirectMethodHandleAccessor.invoke(DirectMethodHandleAccessor.java:104)
at java.base/java.lang.reflect.Method.invoke(Method.java:578)
at org.testng.internal.invokers.MethodInvocationHelper.invokeMethod(MethodInvocationHelper.java:139)
at org.testng.internal.invokers.TestInvoker.invokeMethod(TestInvoker.java:664)
at org.testng.internal.invokers.TestInvoker.invokeTestMethod(TestInvoker.java:227)
at org.testng.internal.invokers.MethodRunner.runInSequence(MethodRunner.java:50)
at org.testng.internal.invokers.TestInvoker$MethodInvocationAgent.invoke(TestInvoker.java:957)
at org.testng.internal.invokers.TestInvoker.invokeTestMethods(TestInvoker.java:200)
at org.testng.internal.invokers.TestMethodWorker.invokeTestMethods(TestMethodWorker.java:148)
at org.testng.internal.invokers.TestMethodWorker.run(TestMethodWorker.java:128)
at java.base/java.util.ArrayList.forEach(ArrayList.java:1511)
at org.testng.TestRunner.privateRun(TestRunner.java:848)
at org.testng.TestRunner.run(TestRunner.java:621)
at org.testng.SuiteRunner.runTest(SuiteRunner.java:443)
at org.testng.SuiteRunner.runSequentially(SuiteRunner.java:437)
at org.testng.SuiteRunner.privateRun(SuiteRunner.java:397)
at org.testng.SuiteRunner.run(SuiteRunner.java:336)
at org.testng.SuiteRunnerWorker.runSuite(SuiteRunnerWorker.java:52)
at org.testng.SuiteRunnerWorker.run(SuiteRunnerWorker.java:95)
at org.testng.TestNG.runSuitesSequentially(TestNG.java:1280)
at org.testng.TestNG.runSuitesLocally(TestNG.java:1200)
at org.testng.TestNG.runSuites(TestNG.java:1114)
at org.testng.TestNG.run(TestNG.java:1082)
at org.testng.remote.AbstractRemoteTestNG.run(AbstractRemoteTestNG.java:115)
at org.testng.remote.RemoteTestNG.initAndRun(RemoteTestNG.java:251)
at org.testng.remote.RemoteTestNG.main(RemoteTestNG.java:77)
]]>
            </full-stacktrace>
          </exception> <!-- org.openqa.selenium.NoSuchElementException -->
          <reporter-output>
          </reporter-output>
        </test-method> <!-- ValidatetheEnteringCityFlightBookDetailsRoundTripInternational -->
        <test-method is-config="true" signature="endup()[pri:0, instance:testScripts.FlightReviewBookPageTest@510f3d34]" started-at="2023-09-22T19:34:22 IST" name="endup" finished-at="2023-09-22T19:34:28 IST" duration-ms="6131" status="PASS">
          <reporter-output>
          </reporter-output>
        </test-method> <!-- endup -->
        <test-method is-config="true" signature="Setup()[pri:0, instance:testScripts.FlightReviewBookPageTest@510f3d34]" started-at="2023-09-22T19:34:28 IST" name="Setup" finished-at="2023-09-22T19:34:35 IST" duration-ms="6632" status="PASS">
          <reporter-output>
          </reporter-output>
        </test-method> <!-- Setup -->
        <test-method signature="ValidatetheEnteringCityFlightBookDetailsRoundTripInternationalPassport()[pri:0, instance:testScripts.FlightReviewBookPageTest@510f3d34]" started-at="2023-09-22T19:34:35 IST" name="ValidatetheEnteringCityFlightBookDetailsRoundTripInternationalPassport" finished-at="2023-09-22T19:35:43 IST" duration-ms="68267" status="FAIL">
          <exception class="org.openqa.selenium.NoSuchElementException">
            <message>
              <![CDATA[no such element: Unable to locate element: {"method":"xpath","selector":"//div[contains(@class, 'react-datepicker__day') and @aria-label='Choose Tuesday, August 2nd, 2011']"}
  (Session info: chrome=115.0.5790.170)
For documentation on this error, please visit: https://www.selenium.dev/documentation/webdriver/troubleshooting/errors#no-such-element-exception
Build info: version: '4.11.0', revision: '040bc5406b'
System info: os.name: 'Linux', os.arch: 'amd64', os.version: '5.15.0-84-generic', java.version: '20.0.1'
Driver info: org.openqa.selenium.chrome.ChromeDriver
Command: [dbefbc4ce62f9668cf497e2d53d63016, findElement {using=xpath, value=//div[contains(@class, 'react-datepicker__day') and @aria-label='Choose Tuesday, August 2nd, 2011']}]
Capabilities {acceptInsecureCerts: false, browserName: chrome, browserVersion: 115.0.5790.170, chrome: {chromedriverVersion: 114.0.5735.90 (386bc09e8f4f..., userDataDir: /tmp/.com.google.Chrome.k1disX}, goog:chromeOptions: {debuggerAddress: localhost:44783}, networkConnectionEnabled: false, pageLoadStrategy: normal, platformName: linux, proxy: Proxy(), se:cdp: ws://localhost:44783/devtoo..., se:cdpVersion: 115.0.5790.170, setWindowRect: true, strictFileInteractability: false, timeouts: {implicit: 0, pageLoad: 300000, script: 30000}, unhandledPromptBehavior: dismiss and notify, webauthn:extension:credBlob: true, webauthn:extension:largeBlob: true, webauthn:extension:minPinLength: true, webauthn:extension:prf: true, webauthn:virtualAuthenticators: true}
Session ID: dbefbc4ce62f9668cf497e2d53d63016]]>
            </message>
            <full-stacktrace>
              <![CDATA[org.openqa.selenium.NoSuchElementException: no such element: Unable to locate element: {"method":"xpath","selector":"//div[contains(@class, 'react-datepicker__day') and @aria-label='Choose Tuesday, August 2nd, 2011']"}
  (Session info: chrome=115.0.5790.170)
For documentation on this error, please visit: https://www.selenium.dev/documentation/webdriver/troubleshooting/errors#no-such-element-exception
Build info: version: '4.11.0', revision: '040bc5406b'
System info: os.name: 'Linux', os.arch: 'amd64', os.version: '5.15.0-84-generic', java.version: '20.0.1'
Driver info: org.openqa.selenium.chrome.ChromeDriver
Command: [dbefbc4ce62f9668cf497e2d53d63016, findElement {using=xpath, value=//div[contains(@class, 'react-datepicker__day') and @aria-label='Choose Tuesday, August 2nd, 2011']}]
Capabilities {acceptInsecureCerts: false, browserName: chrome, browserVersion: 115.0.5790.170, chrome: {chromedriverVersion: 114.0.5735.90 (386bc09e8f4f..., userDataDir: /tmp/.com.google.Chrome.k1disX}, goog:chromeOptions: {debuggerAddress: localhost:44783}, networkConnectionEnabled: false, pageLoadStrategy: normal, platformName: linux, proxy: Proxy(), se:cdp: ws://localhost:44783/devtoo..., se:cdpVersion: 115.0.5790.170, setWindowRect: true, strictFileInteractability: false, timeouts: {implicit: 0, pageLoad: 300000, script: 30000}, unhandledPromptBehavior: dismiss and notify, webauthn:extension:credBlob: true, webauthn:extension:largeBlob: true, webauthn:extension:minPinLength: true, webauthn:extension:prf: true, webauthn:virtualAuthenticators: true}
Session ID: dbefbc4ce62f9668cf497e2d53d63016
at java.base/jdk.internal.reflect.DirectConstructorHandleAccessor.newInstance(DirectConstructorHandleAccessor.java:67)
at java.base/java.lang.reflect.Constructor.newInstanceWithCaller(Constructor.java:500)
at java.base/java.lang.reflect.Constructor.newInstance(Constructor.java:484)
at org.openqa.selenium.remote.codec.w3c.W3CHttpResponseCodec.createException(W3CHttpResponseCodec.java:200)
at org.openqa.selenium.remote.codec.w3c.W3CHttpResponseCodec.decode(W3CHttpResponseCodec.java:133)
at org.openqa.selenium.remote.codec.w3c.W3CHttpResponseCodec.decode(W3CHttpResponseCodec.java:52)
at org.openqa.selenium.remote.HttpCommandExecutor.execute(HttpCommandExecutor.java:191)
at org.openqa.selenium.remote.service.DriverCommandExecutor.invokeExecute(DriverCommandExecutor.java:196)
at org.openqa.selenium.remote.service.DriverCommandExecutor.execute(DriverCommandExecutor.java:171)
at org.openqa.selenium.remote.RemoteWebDriver.execute(RemoteWebDriver.java:518)
at org.openqa.selenium.remote.ElementLocation$ElementFinder$2.findElement(ElementLocation.java:165)
at org.openqa.selenium.remote.ElementLocation.findElement(ElementLocation.java:59)
at org.openqa.selenium.remote.RemoteWebDriver.findElement(RemoteWebDriver.java:355)
at org.openqa.selenium.remote.RemoteWebDriver.findElement(RemoteWebDriver.java:349)
at org.openqa.selenium.support.pagefactory.DefaultElementLocator.findElement(DefaultElementLocator.java:68)
at org.openqa.selenium.support.pagefactory.internal.LocatingElementHandler.invoke(LocatingElementHandler.java:38)
at jdk.proxy2/jdk.proxy2.$Proxy11.click(Unknown Source)
at pageObjects.FlightReviewPageObjects.dobclick(FlightReviewPageObjects.java:224)
at testScripts.FlightReviewBookPageTest.ValidatetheEnteringCityFlightBookDetailsRoundTripInternationalPassport(FlightReviewBookPageTest.java:1590)
at java.base/jdk.internal.reflect.DirectMethodHandleAccessor.invoke(DirectMethodHandleAccessor.java:104)
at java.base/java.lang.reflect.Method.invoke(Method.java:578)
at org.testng.internal.invokers.MethodInvocationHelper.invokeMethod(MethodInvocationHelper.java:139)
at org.testng.internal.invokers.TestInvoker.invokeMethod(TestInvoker.java:664)
at org.testng.internal.invokers.TestInvoker.invokeTestMethod(TestInvoker.java:227)
at org.testng.internal.invokers.MethodRunner.runInSequence(MethodRunner.java:50)
at org.testng.internal.invokers.TestInvoker$MethodInvocationAgent.invoke(TestInvoker.java:957)
at org.testng.internal.invokers.TestInvoker.invokeTestMethods(TestInvoker.java:200)
at org.testng.internal.invokers.TestMethodWorker.invokeTestMethods(TestMethodWorker.java:148)
at org.testng.internal.invokers.TestMethodWorker.run(TestMethodWorker.java:128)
at java.base/java.util.ArrayList.forEach(ArrayList.java:1511)
at org.testng.TestRunner.privateRun(TestRunner.java:848)
at org.testng.TestRunner.run(TestRunner.java:621)
at org.testng.SuiteRunner.runTest(SuiteRunner.java:443)
at org.testng.SuiteRunner.runSequentially(SuiteRunner.java:437)
at org.testng.SuiteRunner.privateRun(SuiteRunner.java:397)
at org.testng.SuiteRunner.run(SuiteRunner.java:336)
at org.testng.SuiteRunnerWorker.runSuite(SuiteRunnerWorker.java:52)
at org.testng.SuiteRunnerWorker.run(SuiteRunnerWorker.java:95)
at org.testng.TestNG.runSuitesSequentially(TestNG.java:1280)
at org.testng.TestNG.runSuitesLocally(TestNG.java:1200)
at org.testng.TestNG.runSuites(TestNG.java:1114)
at org.testng.TestNG.run(TestNG.java:1082)
at org.testng.remote.AbstractRemoteTestNG.run(AbstractRemoteTestNG.java:115)
at org.testng.remote.RemoteTestNG.initAndRun(RemoteTestNG.java:251)
at org.testng.remote.RemoteTestNG.main(RemoteTestNG.java:77)
]]>
            </full-stacktrace>
          </exception> <!-- org.openqa.selenium.NoSuchElementException -->
          <reporter-output>
          </reporter-output>
        </test-method> <!-- ValidatetheEnteringCityFlightBookDetailsRoundTripInternationalPassport -->
        <test-method is-config="true" signature="endup()[pri:0, instance:testScripts.FlightReviewBookPageTest@510f3d34]" started-at="2023-09-22T19:35:43 IST" name="endup" finished-at="2023-09-22T19:35:49 IST" duration-ms="6103" status="PASS">
          <reporter-output>
          </reporter-output>
        </test-method> <!-- endup -->
        <test-method is-config="true" signature="Setup()[pri:0, instance:testScripts.FlightReviewBookPageTest@510f3d34]" started-at="2023-09-22T19:35:49 IST" name="Setup" finished-at="2023-09-22T19:35:56 IST" duration-ms="6294" status="PASS">
          <reporter-output>
          </reporter-output>
        </test-method> <!-- Setup -->
        <test-method signature="ValidatetheFlightBookDetailsRoundTripwithCitySelectDropdown()[pri:0, instance:testScripts.FlightReviewBookPageTest@510f3d34]" started-at="2023-09-22T19:35:56 IST" name="ValidatetheFlightBookDetailsRoundTripwithCitySelectDropdown" finished-at="2023-09-22T19:36:54 IST" duration-ms="58551" status="PASS">
          <reporter-output>
          </reporter-output>
        </test-method> <!-- ValidatetheFlightBookDetailsRoundTripwithCitySelectDropdown -->
        <test-method is-config="true" signature="endup()[pri:0, instance:testScripts.FlightReviewBookPageTest@510f3d34]" started-at="2023-09-22T19:36:54 IST" name="endup" finished-at="2023-09-22T19:37:00 IST" duration-ms="6102" status="PASS">
          <reporter-output>
          </reporter-output>
        </test-method> <!-- endup -->
        <test-method is-config="true" signature="Setup()[pri:0, instance:testScripts.FlightReviewBookPageTest@510f3d34]" started-at="2023-09-22T19:37:00 IST" name="Setup" finished-at="2023-09-22T19:37:06 IST" duration-ms="6182" status="PASS">
          <reporter-output>
          </reporter-output>
        </test-method> <!-- Setup -->
        <test-method signature="ValidatingdefaultflightBookDetailsoneWaywithClassBusiness()[pri:0, instance:testScripts.FlightReviewBookPageTest@510f3d34]" started-at="2023-09-22T19:37:06 IST" name="ValidatingdefaultflightBookDetailsoneWaywithClassBusiness" finished-at="2023-09-22T19:38:19 IST" duration-ms="72574" status="PASS">
          <reporter-output>
          </reporter-output>
        </test-method> <!-- ValidatingdefaultflightBookDetailsoneWaywithClassBusiness -->
        <test-method is-config="true" signature="endup()[pri:0, instance:testScripts.FlightReviewBookPageTest@510f3d34]" started-at="2023-09-22T19:38:19 IST" name="endup" finished-at="2023-09-22T19:38:25 IST" duration-ms="6153" status="PASS">
          <reporter-output>
          </reporter-output>
        </test-method> <!-- endup -->
        <test-method is-config="true" signature="Setup()[pri:0, instance:testScripts.FlightReviewBookPageTest@510f3d34]" started-at="2023-09-22T19:38:25 IST" name="Setup" finished-at="2023-09-22T19:38:32 IST" duration-ms="7408" status="PASS">
          <reporter-output>
          </reporter-output>
        </test-method> <!-- Setup -->
        <test-method signature="ValidatingdefaultflightBookDetailsoneWaywithClassFirst()[pri:0, instance:testScripts.FlightReviewBookPageTest@510f3d34]" started-at="2023-09-22T19:38:32 IST" name="ValidatingdefaultflightBookDetailsoneWaywithClassFirst" finished-at="2023-09-22T19:38:36 IST" duration-ms="3746" status="PASS">
          <reporter-output>
          </reporter-output>
        </test-method> <!-- ValidatingdefaultflightBookDetailsoneWaywithClassFirst -->
        <test-method is-config="true" signature="endup()[pri:0, instance:testScripts.FlightReviewBookPageTest@510f3d34]" started-at="2023-09-22T19:38:36 IST" name="endup" finished-at="2023-09-22T19:38:42 IST" duration-ms="6000" status="PASS">
          <reporter-output>
          </reporter-output>
        </test-method> <!-- endup -->
        <test-method is-config="true" signature="Setup()[pri:0, instance:testScripts.FlightReviewBookPageTest@510f3d34]" started-at="2023-09-22T19:38:42 IST" name="Setup" finished-at="2023-09-22T19:38:48 IST" duration-ms="5931" status="PASS">
          <reporter-output>
          </reporter-output>
        </test-method> <!-- Setup -->
        <test-method signature="ValidatingdefaultflightBookDetailsoneWaywithClassPremiumEconomy()[pri:0, instance:testScripts.FlightReviewBookPageTest@510f3d34]" started-at="2023-09-22T19:38:48 IST" name="ValidatingdefaultflightBookDetailsoneWaywithClassPremiumEconomy" finished-at="2023-09-22T19:40:03 IST" duration-ms="74432" status="PASS">
          <reporter-output>
          </reporter-output>
        </test-method> <!-- ValidatingdefaultflightBookDetailsoneWaywithClassPremiumEconomy -->
        <test-method is-config="true" signature="endup()[pri:0, instance:testScripts.FlightReviewBookPageTest@510f3d34]" started-at="2023-09-22T19:40:03 IST" name="endup" finished-at="2023-09-22T19:40:09 IST" duration-ms="6102" status="PASS">
          <reporter-output>
          </reporter-output>
        </test-method> <!-- endup -->
        <test-method is-config="true" signature="Setup()[pri:0, instance:testScripts.FlightReviewBookPageTest@510f3d34]" started-at="2023-09-22T19:40:09 IST" name="Setup" finished-at="2023-09-22T19:40:15 IST" duration-ms="6669" status="PASS">
          <reporter-output>
          </reporter-output>
        </test-method> <!-- Setup -->
        <test-method signature="Validatingdefaultflightdetailsbooksearch()[pri:0, instance:testScripts.FlightReviewBookPageTest@510f3d34]" started-at="2023-09-22T19:40:15 IST" name="Validatingdefaultflightdetailsbooksearch" finished-at="2023-09-22T19:41:02 IST" duration-ms="46491" status="PASS">
          <reporter-output>
          </reporter-output>
        </test-method> <!-- Validatingdefaultflightdetailsbooksearch -->
        <test-method is-config="true" signature="endup()[pri:0, instance:testScripts.FlightReviewBookPageTest@510f3d34]" started-at="2023-09-22T19:41:02 IST" name="endup" finished-at="2023-09-22T19:41:08 IST" duration-ms="6102" status="PASS">
          <reporter-output>
          </reporter-output>
        </test-method> <!-- endup -->
        <test-method is-config="true" signature="Setup()[pri:0, instance:testScripts.FlightReviewBookPageTest@510f3d34]" started-at="2023-09-22T19:41:08 IST" name="Setup" finished-at="2023-09-22T19:41:14 IST" duration-ms="6093" status="PASS">
          <reporter-output>
          </reporter-output>
        </test-method> <!-- Setup -->
        <test-method signature="Validatingdefaultflightdetailsbooksearchgstwithviewdetails()[pri:0, instance:testScripts.FlightReviewBookPageTest@510f3d34]" started-at="2023-09-22T19:41:14 IST" name="Validatingdefaultflightdetailsbooksearchgstwithviewdetails" finished-at="2023-09-22T19:41:58 IST" duration-ms="43738" status="PASS">
          <reporter-output>
          </reporter-output>
        </test-method> <!-- Validatingdefaultflightdetailsbooksearchgstwithviewdetails -->
        <test-method is-config="true" signature="endup()[pri:0, instance:testScripts.FlightReviewBookPageTest@510f3d34]" started-at="2023-09-22T19:41:58 IST" name="endup" finished-at="2023-09-22T19:42:04 IST" duration-ms="6122" status="PASS">
          <reporter-output>
          </reporter-output>
        </test-method> <!-- endup -->
        <test-method is-config="true" signature="Setup()[pri:0, instance:testScripts.FlightReviewBookPageTest@510f3d34]" started-at="2023-09-22T19:42:04 IST" name="Setup" finished-at="2023-09-22T19:42:10 IST" duration-ms="6429" status="PASS">
          <reporter-output>
          </reporter-output>
        </test-method> <!-- Setup -->
        <test-method signature="ValidatingdefaultflightdetailsbooksearchwithCancellation()[pri:0, instance:testScripts.FlightReviewBookPageTest@510f3d34]" started-at="2023-09-22T19:42:10 IST" name="ValidatingdefaultflightdetailsbooksearchwithCancellation" finished-at="2023-09-22T19:43:31 IST" duration-ms="80529" status="FAIL">
          <exception class="org.openqa.selenium.NoSuchElementException">
            <message>
              <![CDATA[no such element: Unable to locate element: {"method":"xpath","selector":"//button[@class='sc-gEvEer fteAEG Flight-btn my-2 btn w-50 Flight-btn-purple Flight-font13 Flight-font-bold'][1]"}
  (Session info: chrome=115.0.5790.170)
For documentation on this error, please visit: https://www.selenium.dev/documentation/webdriver/troubleshooting/errors#no-such-element-exception
Build info: version: '4.11.0', revision: '040bc5406b'
System info: os.name: 'Linux', os.arch: 'amd64', os.version: '5.15.0-84-generic', java.version: '20.0.1'
Driver info: org.openqa.selenium.chrome.ChromeDriver
Command: [64804f61df5ba4e0d6a4e8794c9606aa, findElement {using=xpath, value=//button[@class='sc-gEvEer fteAEG Flight-btn my-2 btn w-50 Flight-btn-purple Flight-font13 Flight-font-bold'][1]}]
Capabilities {acceptInsecureCerts: false, browserName: chrome, browserVersion: 115.0.5790.170, chrome: {chromedriverVersion: 114.0.5735.90 (386bc09e8f4f..., userDataDir: /tmp/.com.google.Chrome.x2BeuN}, goog:chromeOptions: {debuggerAddress: localhost:39909}, networkConnectionEnabled: false, pageLoadStrategy: normal, platformName: linux, proxy: Proxy(), se:cdp: ws://localhost:39909/devtoo..., se:cdpVersion: 115.0.5790.170, setWindowRect: true, strictFileInteractability: false, timeouts: {implicit: 0, pageLoad: 300000, script: 30000}, unhandledPromptBehavior: dismiss and notify, webauthn:extension:credBlob: true, webauthn:extension:largeBlob: true, webauthn:extension:minPinLength: true, webauthn:extension:prf: true, webauthn:virtualAuthenticators: true}
Session ID: 64804f61df5ba4e0d6a4e8794c9606aa]]>
            </message>
            <full-stacktrace>
              <![CDATA[org.openqa.selenium.NoSuchElementException: no such element: Unable to locate element: {"method":"xpath","selector":"//button[@class='sc-gEvEer fteAEG Flight-btn my-2 btn w-50 Flight-btn-purple Flight-font13 Flight-font-bold'][1]"}
  (Session info: chrome=115.0.5790.170)
For documentation on this error, please visit: https://www.selenium.dev/documentation/webdriver/troubleshooting/errors#no-such-element-exception
Build info: version: '4.11.0', revision: '040bc5406b'
System info: os.name: 'Linux', os.arch: 'amd64', os.version: '5.15.0-84-generic', java.version: '20.0.1'
Driver info: org.openqa.selenium.chrome.ChromeDriver
Command: [64804f61df5ba4e0d6a4e8794c9606aa, findElement {using=xpath, value=//button[@class='sc-gEvEer fteAEG Flight-btn my-2 btn w-50 Flight-btn-purple Flight-font13 Flight-font-bold'][1]}]
Capabilities {acceptInsecureCerts: false, browserName: chrome, browserVersion: 115.0.5790.170, chrome: {chromedriverVersion: 114.0.5735.90 (386bc09e8f4f..., userDataDir: /tmp/.com.google.Chrome.x2BeuN}, goog:chromeOptions: {debuggerAddress: localhost:39909}, networkConnectionEnabled: false, pageLoadStrategy: normal, platformName: linux, proxy: Proxy(), se:cdp: ws://localhost:39909/devtoo..., se:cdpVersion: 115.0.5790.170, setWindowRect: true, strictFileInteractability: false, timeouts: {implicit: 0, pageLoad: 300000, script: 30000}, unhandledPromptBehavior: dismiss and notify, webauthn:extension:credBlob: true, webauthn:extension:largeBlob: true, webauthn:extension:minPinLength: true, webauthn:extension:prf: true, webauthn:virtualAuthenticators: true}
Session ID: 64804f61df5ba4e0d6a4e8794c9606aa
at java.base/jdk.internal.reflect.DirectConstructorHandleAccessor.newInstance(DirectConstructorHandleAccessor.java:67)
at java.base/java.lang.reflect.Constructor.newInstanceWithCaller(Constructor.java:500)
at java.base/java.lang.reflect.Constructor.newInstance(Constructor.java:484)
at org.openqa.selenium.remote.codec.w3c.W3CHttpResponseCodec.createException(W3CHttpResponseCodec.java:200)
at org.openqa.selenium.remote.codec.w3c.W3CHttpResponseCodec.decode(W3CHttpResponseCodec.java:133)
at org.openqa.selenium.remote.codec.w3c.W3CHttpResponseCodec.decode(W3CHttpResponseCodec.java:52)
at org.openqa.selenium.remote.HttpCommandExecutor.execute(HttpCommandExecutor.java:191)
at org.openqa.selenium.remote.service.DriverCommandExecutor.invokeExecute(DriverCommandExecutor.java:196)
at org.openqa.selenium.remote.service.DriverCommandExecutor.execute(DriverCommandExecutor.java:171)
at org.openqa.selenium.remote.RemoteWebDriver.execute(RemoteWebDriver.java:518)
at org.openqa.selenium.remote.ElementLocation$ElementFinder$2.findElement(ElementLocation.java:165)
at org.openqa.selenium.remote.ElementLocation.findElement(ElementLocation.java:59)
at org.openqa.selenium.remote.RemoteWebDriver.findElement(RemoteWebDriver.java:355)
at org.openqa.selenium.remote.RemoteWebDriver.findElement(RemoteWebDriver.java:349)
at org.openqa.selenium.support.pagefactory.DefaultElementLocator.findElement(DefaultElementLocator.java:68)
at org.openqa.selenium.support.pagefactory.internal.LocatingElementHandler.invoke(LocatingElementHandler.java:38)
at jdk.proxy2/jdk.proxy2.$Proxy11.click(Unknown Source)
at pageObjects.FlightReviewPageObjects.CancelBooking(FlightReviewPageObjects.java:438)
at testScripts.FlightReviewBookPageTest.ValidatingdefaultflightdetailsbooksearchwithCancellation(FlightReviewBookPageTest.java:211)
at java.base/jdk.internal.reflect.DirectMethodHandleAccessor.invoke(DirectMethodHandleAccessor.java:104)
at java.base/java.lang.reflect.Method.invoke(Method.java:578)
at org.testng.internal.invokers.MethodInvocationHelper.invokeMethod(MethodInvocationHelper.java:139)
at org.testng.internal.invokers.TestInvoker.invokeMethod(TestInvoker.java:664)
at org.testng.internal.invokers.TestInvoker.invokeTestMethod(TestInvoker.java:227)
at org.testng.internal.invokers.MethodRunner.runInSequence(MethodRunner.java:50)
at org.testng.internal.invokers.TestInvoker$MethodInvocationAgent.invoke(TestInvoker.java:957)
at org.testng.internal.invokers.TestInvoker.invokeTestMethods(TestInvoker.java:200)
at org.testng.internal.invokers.TestMethodWorker.invokeTestMethods(TestMethodWorker.java:148)
at org.testng.internal.invokers.TestMethodWorker.run(TestMethodWorker.java:128)
at java.base/java.util.ArrayList.forEach(ArrayList.java:1511)
at org.testng.TestRunner.privateRun(TestRunner.java:848)
at org.testng.TestRunner.run(TestRunner.java:621)
at org.testng.SuiteRunner.runTest(SuiteRunner.java:443)
at org.testng.SuiteRunner.runSequentially(SuiteRunner.java:437)
at org.testng.SuiteRunner.privateRun(SuiteRunner.java:397)
at org.testng.SuiteRunner.run(SuiteRunner.java:336)
at org.testng.SuiteRunnerWorker.runSuite(SuiteRunnerWorker.java:52)
at org.testng.SuiteRunnerWorker.run(SuiteRunnerWorker.java:95)
at org.testng.TestNG.runSuitesSequentially(TestNG.java:1280)
at org.testng.TestNG.runSuitesLocally(TestNG.java:1200)
at org.testng.TestNG.runSuites(TestNG.java:1114)
at org.testng.TestNG.run(TestNG.java:1082)
at org.testng.remote.AbstractRemoteTestNG.run(AbstractRemoteTestNG.java:115)
at org.testng.remote.RemoteTestNG.initAndRun(RemoteTestNG.java:251)
at org.testng.remote.RemoteTestNG.main(RemoteTestNG.java:77)
]]>
            </full-stacktrace>
          </exception> <!-- org.openqa.selenium.NoSuchElementException -->
          <reporter-output>
          </reporter-output>
        </test-method> <!-- ValidatingdefaultflightdetailsbooksearchwithCancellation -->
        <test-method is-config="true" signature="endup()[pri:0, instance:testScripts.FlightReviewBookPageTest@510f3d34]" started-at="2023-09-22T19:43:31 IST" name="endup" finished-at="2023-09-22T19:43:37 IST" duration-ms="6135" status="PASS">
          <reporter-output>
          </reporter-output>
        </test-method> <!-- endup -->
        <test-method is-config="true" signature="Setup()[pri:0, instance:testScripts.FlightReviewBookPageTest@510f3d34]" started-at="2023-09-22T19:43:37 IST" name="Setup" finished-at="2023-09-22T19:43:43 IST" duration-ms="6209" status="PASS">
          <reporter-output>
          </reporter-output>
        </test-method> <!-- Setup -->
        <test-method signature="ValidatingdefaultflightdetailsbooksearchwithReschedule()[pri:0, instance:testScripts.FlightReviewBookPageTest@510f3d34]" started-at="2023-09-22T19:43:43 IST" name="ValidatingdefaultflightdetailsbooksearchwithReschedule" finished-at="2023-09-22T19:44:56 IST" duration-ms="72795" status="FAIL">
          <exception class="org.openqa.selenium.NoSuchElementException">
            <message>
              <![CDATA[no such element: Unable to locate element: {"method":"xpath","selector":"//button[@class='sc-gEvEer fteAEG Flight-btn my-2 btn w-50 Flight-btn-purple Flight-font13 Flight-font-bold'][2]"}
  (Session info: chrome=115.0.5790.170)
For documentation on this error, please visit: https://www.selenium.dev/documentation/webdriver/troubleshooting/errors#no-such-element-exception
Build info: version: '4.11.0', revision: '040bc5406b'
System info: os.name: 'Linux', os.arch: 'amd64', os.version: '5.15.0-84-generic', java.version: '20.0.1'
Driver info: org.openqa.selenium.chrome.ChromeDriver
Command: [2420d466ec5d06dd85cacf9fef16c3af, findElement {using=xpath, value=//button[@class='sc-gEvEer fteAEG Flight-btn my-2 btn w-50 Flight-btn-purple Flight-font13 Flight-font-bold'][2]}]
Capabilities {acceptInsecureCerts: false, browserName: chrome, browserVersion: 115.0.5790.170, chrome: {chromedriverVersion: 114.0.5735.90 (386bc09e8f4f..., userDataDir: /tmp/.com.google.Chrome.AHVB5i}, goog:chromeOptions: {debuggerAddress: localhost:42667}, networkConnectionEnabled: false, pageLoadStrategy: normal, platformName: linux, proxy: Proxy(), se:cdp: ws://localhost:42667/devtoo..., se:cdpVersion: 115.0.5790.170, setWindowRect: true, strictFileInteractability: false, timeouts: {implicit: 0, pageLoad: 300000, script: 30000}, unhandledPromptBehavior: dismiss and notify, webauthn:extension:credBlob: true, webauthn:extension:largeBlob: true, webauthn:extension:minPinLength: true, webauthn:extension:prf: true, webauthn:virtualAuthenticators: true}
Session ID: 2420d466ec5d06dd85cacf9fef16c3af]]>
            </message>
            <full-stacktrace>
              <![CDATA[org.openqa.selenium.NoSuchElementException: no such element: Unable to locate element: {"method":"xpath","selector":"//button[@class='sc-gEvEer fteAEG Flight-btn my-2 btn w-50 Flight-btn-purple Flight-font13 Flight-font-bold'][2]"}
  (Session info: chrome=115.0.5790.170)
For documentation on this error, please visit: https://www.selenium.dev/documentation/webdriver/troubleshooting/errors#no-such-element-exception
Build info: version: '4.11.0', revision: '040bc5406b'
System info: os.name: 'Linux', os.arch: 'amd64', os.version: '5.15.0-84-generic', java.version: '20.0.1'
Driver info: org.openqa.selenium.chrome.ChromeDriver
Command: [2420d466ec5d06dd85cacf9fef16c3af, findElement {using=xpath, value=//button[@class='sc-gEvEer fteAEG Flight-btn my-2 btn w-50 Flight-btn-purple Flight-font13 Flight-font-bold'][2]}]
Capabilities {acceptInsecureCerts: false, browserName: chrome, browserVersion: 115.0.5790.170, chrome: {chromedriverVersion: 114.0.5735.90 (386bc09e8f4f..., userDataDir: /tmp/.com.google.Chrome.AHVB5i}, goog:chromeOptions: {debuggerAddress: localhost:42667}, networkConnectionEnabled: false, pageLoadStrategy: normal, platformName: linux, proxy: Proxy(), se:cdp: ws://localhost:42667/devtoo..., se:cdpVersion: 115.0.5790.170, setWindowRect: true, strictFileInteractability: false, timeouts: {implicit: 0, pageLoad: 300000, script: 30000}, unhandledPromptBehavior: dismiss and notify, webauthn:extension:credBlob: true, webauthn:extension:largeBlob: true, webauthn:extension:minPinLength: true, webauthn:extension:prf: true, webauthn:virtualAuthenticators: true}
Session ID: 2420d466ec5d06dd85cacf9fef16c3af
at java.base/jdk.internal.reflect.DirectConstructorHandleAccessor.newInstance(DirectConstructorHandleAccessor.java:67)
at java.base/java.lang.reflect.Constructor.newInstanceWithCaller(Constructor.java:500)
at java.base/java.lang.reflect.Constructor.newInstance(Constructor.java:484)
at org.openqa.selenium.remote.codec.w3c.W3CHttpResponseCodec.createException(W3CHttpResponseCodec.java:200)
at org.openqa.selenium.remote.codec.w3c.W3CHttpResponseCodec.decode(W3CHttpResponseCodec.java:133)
at org.openqa.selenium.remote.codec.w3c.W3CHttpResponseCodec.decode(W3CHttpResponseCodec.java:52)
at org.openqa.selenium.remote.HttpCommandExecutor.execute(HttpCommandExecutor.java:191)
at org.openqa.selenium.remote.service.DriverCommandExecutor.invokeExecute(DriverCommandExecutor.java:196)
at org.openqa.selenium.remote.service.DriverCommandExecutor.execute(DriverCommandExecutor.java:171)
at org.openqa.selenium.remote.RemoteWebDriver.execute(RemoteWebDriver.java:518)
at org.openqa.selenium.remote.ElementLocation$ElementFinder$2.findElement(ElementLocation.java:165)
at org.openqa.selenium.remote.ElementLocation.findElement(ElementLocation.java:59)
at org.openqa.selenium.remote.RemoteWebDriver.findElement(RemoteWebDriver.java:355)
at org.openqa.selenium.remote.RemoteWebDriver.findElement(RemoteWebDriver.java:349)
at org.openqa.selenium.support.pagefactory.DefaultElementLocator.findElement(DefaultElementLocator.java:68)
at org.openqa.selenium.support.pagefactory.internal.LocatingElementHandler.invoke(LocatingElementHandler.java:38)
at jdk.proxy2/jdk.proxy2.$Proxy11.click(Unknown Source)
at pageObjects.FlightReviewPageObjects.RescheduleBooking(FlightReviewPageObjects.java:442)
at testScripts.FlightReviewBookPageTest.ValidatingdefaultflightdetailsbooksearchwithReschedule(FlightReviewBookPageTest.java:294)
at java.base/jdk.internal.reflect.DirectMethodHandleAccessor.invoke(DirectMethodHandleAccessor.java:104)
at java.base/java.lang.reflect.Method.invoke(Method.java:578)
at org.testng.internal.invokers.MethodInvocationHelper.invokeMethod(MethodInvocationHelper.java:139)
at org.testng.internal.invokers.TestInvoker.invokeMethod(TestInvoker.java:664)
at org.testng.internal.invokers.TestInvoker.invokeTestMethod(TestInvoker.java:227)
at org.testng.internal.invokers.MethodRunner.runInSequence(MethodRunner.java:50)
at org.testng.internal.invokers.TestInvoker$MethodInvocationAgent.invoke(TestInvoker.java:957)
at org.testng.internal.invokers.TestInvoker.invokeTestMethods(TestInvoker.java:200)
at org.testng.internal.invokers.TestMethodWorker.invokeTestMethods(TestMethodWorker.java:148)
at org.testng.internal.invokers.TestMethodWorker.run(TestMethodWorker.java:128)
at java.base/java.util.ArrayList.forEach(ArrayList.java:1511)
at org.testng.TestRunner.privateRun(TestRunner.java:848)
at org.testng.TestRunner.run(TestRunner.java:621)
at org.testng.SuiteRunner.runTest(SuiteRunner.java:443)
at org.testng.SuiteRunner.runSequentially(SuiteRunner.java:437)
at org.testng.SuiteRunner.privateRun(SuiteRunner.java:397)
at org.testng.SuiteRunner.run(SuiteRunner.java:336)
at org.testng.SuiteRunnerWorker.runSuite(SuiteRunnerWorker.java:52)
at org.testng.SuiteRunnerWorker.run(SuiteRunnerWorker.java:95)
at org.testng.TestNG.runSuitesSequentially(TestNG.java:1280)
at org.testng.TestNG.runSuitesLocally(TestNG.java:1200)
at org.testng.TestNG.runSuites(TestNG.java:1114)
at org.testng.TestNG.run(TestNG.java:1082)
at org.testng.remote.AbstractRemoteTestNG.run(AbstractRemoteTestNG.java:115)
at org.testng.remote.RemoteTestNG.initAndRun(RemoteTestNG.java:251)
at org.testng.remote.RemoteTestNG.main(RemoteTestNG.java:77)
]]>
            </full-stacktrace>
          </exception> <!-- org.openqa.selenium.NoSuchElementException -->
          <reporter-output>
          </reporter-output>
        </test-method> <!-- ValidatingdefaultflightdetailsbooksearchwithReschedule -->
        <test-method is-config="true" signature="endup()[pri:0, instance:testScripts.FlightReviewBookPageTest@510f3d34]" started-at="2023-09-22T19:44:56 IST" name="endup" finished-at="2023-09-22T19:45:02 IST" duration-ms="6102" status="PASS">
          <reporter-output>
          </reporter-output>
        </test-method> <!-- endup -->
        <test-method is-config="true" signature="Setup()[pri:0, instance:testScripts.FlightReviewBookPageTest@510f3d34]" started-at="2023-09-22T19:45:02 IST" name="Setup" finished-at="2023-09-22T19:45:08 IST" duration-ms="6231" status="PASS">
          <reporter-output>
          </reporter-output>
        </test-method> <!-- Setup -->
        <test-method signature="Validatingdefaultflightdetailsbooksearchwithbackhomepage()[pri:0, instance:testScripts.FlightReviewBookPageTest@510f3d34]" started-at="2023-09-22T19:45:08 IST" name="Validatingdefaultflightdetailsbooksearchwithbackhomepage" finished-at="2023-09-22T19:46:19 IST" duration-ms="71125" status="FAIL">
          <exception class="org.openqa.selenium.NoSuchElementException">
            <message>
              <![CDATA[no such element: Unable to locate element: {"method":"xpath","selector":"//button[@class='btn rounded-pill Flight-search-flight-btn Flight-font20 text-white  border-0 is-search-btn btn btn-light']"}
  (Session info: chrome=115.0.5790.170)
For documentation on this error, please visit: https://www.selenium.dev/documentation/webdriver/troubleshooting/errors#no-such-element-exception
Build info: version: '4.11.0', revision: '040bc5406b'
System info: os.name: 'Linux', os.arch: 'amd64', os.version: '5.15.0-84-generic', java.version: '20.0.1'
Driver info: org.openqa.selenium.chrome.ChromeDriver
Command: [55ff060db2fd4678ef19b45c1c273f78, findElement {using=xpath, value=//button[@class='btn rounded-pill Flight-search-flight-btn Flight-font20 text-white  border-0 is-search-btn btn btn-light']}]
Capabilities {acceptInsecureCerts: false, browserName: chrome, browserVersion: 115.0.5790.170, chrome: {chromedriverVersion: 114.0.5735.90 (386bc09e8f4f..., userDataDir: /tmp/.com.google.Chrome.32wLRm}, goog:chromeOptions: {debuggerAddress: localhost:44043}, networkConnectionEnabled: false, pageLoadStrategy: normal, platformName: linux, proxy: Proxy(), se:cdp: ws://localhost:44043/devtoo..., se:cdpVersion: 115.0.5790.170, setWindowRect: true, strictFileInteractability: false, timeouts: {implicit: 0, pageLoad: 300000, script: 30000}, unhandledPromptBehavior: dismiss and notify, webauthn:extension:credBlob: true, webauthn:extension:largeBlob: true, webauthn:extension:minPinLength: true, webauthn:extension:prf: true, webauthn:virtualAuthenticators: true}
Session ID: 55ff060db2fd4678ef19b45c1c273f78]]>
            </message>
            <full-stacktrace>
              <![CDATA[org.openqa.selenium.NoSuchElementException: no such element: Unable to locate element: {"method":"xpath","selector":"//button[@class='btn rounded-pill Flight-search-flight-btn Flight-font20 text-white  border-0 is-search-btn btn btn-light']"}
  (Session info: chrome=115.0.5790.170)
For documentation on this error, please visit: https://www.selenium.dev/documentation/webdriver/troubleshooting/errors#no-such-element-exception
Build info: version: '4.11.0', revision: '040bc5406b'
System info: os.name: 'Linux', os.arch: 'amd64', os.version: '5.15.0-84-generic', java.version: '20.0.1'
Driver info: org.openqa.selenium.chrome.ChromeDriver
Command: [55ff060db2fd4678ef19b45c1c273f78, findElement {using=xpath, value=//button[@class='btn rounded-pill Flight-search-flight-btn Flight-font20 text-white  border-0 is-search-btn btn btn-light']}]
Capabilities {acceptInsecureCerts: false, browserName: chrome, browserVersion: 115.0.5790.170, chrome: {chromedriverVersion: 114.0.5735.90 (386bc09e8f4f..., userDataDir: /tmp/.com.google.Chrome.32wLRm}, goog:chromeOptions: {debuggerAddress: localhost:44043}, networkConnectionEnabled: false, pageLoadStrategy: normal, platformName: linux, proxy: Proxy(), se:cdp: ws://localhost:44043/devtoo..., se:cdpVersion: 115.0.5790.170, setWindowRect: true, strictFileInteractability: false, timeouts: {implicit: 0, pageLoad: 300000, script: 30000}, unhandledPromptBehavior: dismiss and notify, webauthn:extension:credBlob: true, webauthn:extension:largeBlob: true, webauthn:extension:minPinLength: true, webauthn:extension:prf: true, webauthn:virtualAuthenticators: true}
Session ID: 55ff060db2fd4678ef19b45c1c273f78
at java.base/jdk.internal.reflect.DirectConstructorHandleAccessor.newInstance(DirectConstructorHandleAccessor.java:67)
at java.base/java.lang.reflect.Constructor.newInstanceWithCaller(Constructor.java:500)
at java.base/java.lang.reflect.Constructor.newInstance(Constructor.java:484)
at org.openqa.selenium.remote.codec.w3c.W3CHttpResponseCodec.createException(W3CHttpResponseCodec.java:200)
at org.openqa.selenium.remote.codec.w3c.W3CHttpResponseCodec.decode(W3CHttpResponseCodec.java:133)
at org.openqa.selenium.remote.codec.w3c.W3CHttpResponseCodec.decode(W3CHttpResponseCodec.java:52)
at org.openqa.selenium.remote.HttpCommandExecutor.execute(HttpCommandExecutor.java:191)
at org.openqa.selenium.remote.service.DriverCommandExecutor.invokeExecute(DriverCommandExecutor.java:196)
at org.openqa.selenium.remote.service.DriverCommandExecutor.execute(DriverCommandExecutor.java:171)
at org.openqa.selenium.remote.RemoteWebDriver.execute(RemoteWebDriver.java:518)
at org.openqa.selenium.remote.ElementLocation$ElementFinder$2.findElement(ElementLocation.java:165)
at org.openqa.selenium.remote.ElementLocation.findElement(ElementLocation.java:59)
at org.openqa.selenium.remote.RemoteWebDriver.findElement(RemoteWebDriver.java:355)
at org.openqa.selenium.remote.RemoteWebDriver.findElement(RemoteWebDriver.java:349)
at org.openqa.selenium.support.pagefactory.DefaultElementLocator.findElement(DefaultElementLocator.java:68)
at org.openqa.selenium.support.pagefactory.internal.LocatingElementHandler.invoke(LocatingElementHandler.java:38)
at jdk.proxy2/jdk.proxy2.$Proxy11.getWrappedElement(Unknown Source)
at org.openqa.selenium.remote.internal.WebElementToJsonConverter.apply(WebElementToJsonConverter.java:51)
at java.base/java.util.stream.ReferencePipeline$3$1.accept(ReferencePipeline.java:197)
at java.base/java.util.Spliterators$ArraySpliterator.forEachRemaining(Spliterators.java:1006)
at java.base/java.util.stream.AbstractPipeline.copyInto(AbstractPipeline.java:509)
at java.base/java.util.stream.AbstractPipeline.wrapAndCopyInto(AbstractPipeline.java:499)
at java.base/java.util.stream.ReduceOps$ReduceOp.evaluateSequential(ReduceOps.java:921)
at java.base/java.util.stream.AbstractPipeline.evaluate(AbstractPipeline.java:234)
at java.base/java.util.stream.ReferencePipeline.collect(ReferencePipeline.java:682)
at org.openqa.selenium.remote.RemoteWebDriver.executeScript(RemoteWebDriver.java:461)
at pageObjects.FlightReviewPageObjects.TicketHomePage(FlightReviewPageObjects.java:432)
at testScripts.FlightReviewBookPageTest.Validatingdefaultflightdetailsbooksearchwithbackhomepage(FlightReviewBookPageTest.java:160)
at java.base/jdk.internal.reflect.DirectMethodHandleAccessor.invoke(DirectMethodHandleAccessor.java:104)
at java.base/java.lang.reflect.Method.invoke(Method.java:578)
at org.testng.internal.invokers.MethodInvocationHelper.invokeMethod(MethodInvocationHelper.java:139)
at org.testng.internal.invokers.TestInvoker.invokeMethod(TestInvoker.java:664)
at org.testng.internal.invokers.TestInvoker.invokeTestMethod(TestInvoker.java:227)
at org.testng.internal.invokers.MethodRunner.runInSequence(MethodRunner.java:50)
at org.testng.internal.invokers.TestInvoker$MethodInvocationAgent.invoke(TestInvoker.java:957)
at org.testng.internal.invokers.TestInvoker.invokeTestMethods(TestInvoker.java:200)
at org.testng.internal.invokers.TestMethodWorker.invokeTestMethods(TestMethodWorker.java:148)
at org.testng.internal.invokers.TestMethodWorker.run(TestMethodWorker.java:128)
at java.base/java.util.ArrayList.forEach(ArrayList.java:1511)
at org.testng.TestRunner.privateRun(TestRunner.java:848)
at org.testng.TestRunner.run(TestRunner.java:621)
at org.testng.SuiteRunner.runTest(SuiteRunner.java:443)
at org.testng.SuiteRunner.runSequentially(SuiteRunner.java:437)
at org.testng.SuiteRunner.privateRun(SuiteRunner.java:397)
at org.testng.SuiteRunner.run(SuiteRunner.java:336)
at org.testng.SuiteRunnerWorker.runSuite(SuiteRunnerWorker.java:52)
at org.testng.SuiteRunnerWorker.run(SuiteRunnerWorker.java:95)
at org.testng.TestNG.runSuitesSequentially(TestNG.java:1280)
at org.testng.TestNG.runSuitesLocally(TestNG.java:1200)
at org.testng.TestNG.runSuites(TestNG.java:1114)
at org.testng.TestNG.run(TestNG.java:1082)
at org.testng.remote.AbstractRemoteTestNG.run(AbstractRemoteTestNG.java:115)
at org.testng.remote.RemoteTestNG.initAndRun(RemoteTestNG.java:251)
at org.testng.remote.RemoteTestNG.main(RemoteTestNG.java:77)
]]>
            </full-stacktrace>
          </exception> <!-- org.openqa.selenium.NoSuchElementException -->
          <reporter-output>
          </reporter-output>
        </test-method> <!-- Validatingdefaultflightdetailsbooksearchwithbackhomepage -->
        <test-method is-config="true" signature="endup()[pri:0, instance:testScripts.FlightReviewBookPageTest@510f3d34]" started-at="2023-09-22T19:46:19 IST" name="endup" finished-at="2023-09-22T19:46:26 IST" duration-ms="6103" status="PASS">
          <reporter-output>
          </reporter-output>
        </test-method> <!-- endup -->
        <test-method is-config="true" signature="Setup()[pri:0, instance:testScripts.FlightReviewBookPageTest@510f3d34]" started-at="2023-09-22T19:46:26 IST" name="Setup" finished-at="2023-09-22T19:46:32 IST" duration-ms="6328" status="PASS">
          <reporter-output>
          </reporter-output>
        </test-method> <!-- Setup -->
        <test-method signature="Validatingdefaultflightdetailsbooksearchwithgst()[pri:0, instance:testScripts.FlightReviewBookPageTest@510f3d34]" started-at="2023-09-22T19:46:32 IST" name="Validatingdefaultflightdetailsbooksearchwithgst" finished-at="2023-09-22T19:47:46 IST" duration-ms="73876" status="FAIL">
          <exception class="org.openqa.selenium.NoSuchElementException">
            <message>
              <![CDATA[no such element: Unable to locate element: {"method":"xpath","selector":"//button[@class='btn rounded-pill mt-4 Flight-search-flight-btn font20 text-white  border-0 btn btn-primary']"}
  (Session info: chrome=115.0.5790.170)
For documentation on this error, please visit: https://www.selenium.dev/documentation/webdriver/troubleshooting/errors#no-such-element-exception
Build info: version: '4.11.0', revision: '040bc5406b'
System info: os.name: 'Linux', os.arch: 'amd64', os.version: '5.15.0-84-generic', java.version: '20.0.1'
Driver info: org.openqa.selenium.chrome.ChromeDriver
Command: [59511b4ebc7ee1027015e3d236be1d00, findElement {using=xpath, value=//button[@class='btn rounded-pill mt-4 Flight-search-flight-btn font20 text-white  border-0 btn btn-primary']}]
Capabilities {acceptInsecureCerts: false, browserName: chrome, browserVersion: 115.0.5790.170, chrome: {chromedriverVersion: 114.0.5735.90 (386bc09e8f4f..., userDataDir: /tmp/.com.google.Chrome.T5ZClv}, goog:chromeOptions: {debuggerAddress: localhost:45557}, networkConnectionEnabled: false, pageLoadStrategy: normal, platformName: linux, proxy: Proxy(), se:cdp: ws://localhost:45557/devtoo..., se:cdpVersion: 115.0.5790.170, setWindowRect: true, strictFileInteractability: false, timeouts: {implicit: 0, pageLoad: 300000, script: 30000}, unhandledPromptBehavior: dismiss and notify, webauthn:extension:credBlob: true, webauthn:extension:largeBlob: true, webauthn:extension:minPinLength: true, webauthn:extension:prf: true, webauthn:virtualAuthenticators: true}
Session ID: 59511b4ebc7ee1027015e3d236be1d00]]>
            </message>
            <full-stacktrace>
              <![CDATA[org.openqa.selenium.NoSuchElementException: no such element: Unable to locate element: {"method":"xpath","selector":"//button[@class='btn rounded-pill mt-4 Flight-search-flight-btn font20 text-white  border-0 btn btn-primary']"}
  (Session info: chrome=115.0.5790.170)
For documentation on this error, please visit: https://www.selenium.dev/documentation/webdriver/troubleshooting/errors#no-such-element-exception
Build info: version: '4.11.0', revision: '040bc5406b'
System info: os.name: 'Linux', os.arch: 'amd64', os.version: '5.15.0-84-generic', java.version: '20.0.1'
Driver info: org.openqa.selenium.chrome.ChromeDriver
Command: [59511b4ebc7ee1027015e3d236be1d00, findElement {using=xpath, value=//button[@class='btn rounded-pill mt-4 Flight-search-flight-btn font20 text-white  border-0 btn btn-primary']}]
Capabilities {acceptInsecureCerts: false, browserName: chrome, browserVersion: 115.0.5790.170, chrome: {chromedriverVersion: 114.0.5735.90 (386bc09e8f4f..., userDataDir: /tmp/.com.google.Chrome.T5ZClv}, goog:chromeOptions: {debuggerAddress: localhost:45557}, networkConnectionEnabled: false, pageLoadStrategy: normal, platformName: linux, proxy: Proxy(), se:cdp: ws://localhost:45557/devtoo..., se:cdpVersion: 115.0.5790.170, setWindowRect: true, strictFileInteractability: false, timeouts: {implicit: 0, pageLoad: 300000, script: 30000}, unhandledPromptBehavior: dismiss and notify, webauthn:extension:credBlob: true, webauthn:extension:largeBlob: true, webauthn:extension:minPinLength: true, webauthn:extension:prf: true, webauthn:virtualAuthenticators: true}
Session ID: 59511b4ebc7ee1027015e3d236be1d00
at java.base/jdk.internal.reflect.DirectConstructorHandleAccessor.newInstance(DirectConstructorHandleAccessor.java:67)
at java.base/java.lang.reflect.Constructor.newInstanceWithCaller(Constructor.java:500)
at java.base/java.lang.reflect.Constructor.newInstance(Constructor.java:484)
at org.openqa.selenium.remote.codec.w3c.W3CHttpResponseCodec.createException(W3CHttpResponseCodec.java:200)
at org.openqa.selenium.remote.codec.w3c.W3CHttpResponseCodec.decode(W3CHttpResponseCodec.java:133)
at org.openqa.selenium.remote.codec.w3c.W3CHttpResponseCodec.decode(W3CHttpResponseCodec.java:52)
at org.openqa.selenium.remote.HttpCommandExecutor.execute(HttpCommandExecutor.java:191)
at org.openqa.selenium.remote.service.DriverCommandExecutor.invokeExecute(DriverCommandExecutor.java:196)
at org.openqa.selenium.remote.service.DriverCommandExecutor.execute(DriverCommandExecutor.java:171)
at org.openqa.selenium.remote.RemoteWebDriver.execute(RemoteWebDriver.java:518)
at org.openqa.selenium.remote.ElementLocation$ElementFinder$2.findElement(ElementLocation.java:165)
at org.openqa.selenium.remote.ElementLocation.findElement(ElementLocation.java:59)
at org.openqa.selenium.remote.RemoteWebDriver.findElement(RemoteWebDriver.java:355)
at org.openqa.selenium.remote.RemoteWebDriver.findElement(RemoteWebDriver.java:349)
at org.openqa.selenium.support.pagefactory.DefaultElementLocator.findElement(DefaultElementLocator.java:68)
at org.openqa.selenium.support.pagefactory.internal.LocatingElementHandler.invoke(LocatingElementHandler.java:38)
at jdk.proxy2/jdk.proxy2.$Proxy11.click(Unknown Source)
at pageObjects.FlightReviewPageObjects.Bookingfaildonebutton(FlightReviewPageObjects.java:422)
at testScripts.FlightReviewBookPageTest.Validatingdefaultflightdetailsbooksearchwithgst(FlightReviewBookPageTest.java:88)
at java.base/jdk.internal.reflect.DirectMethodHandleAccessor.invoke(DirectMethodHandleAccessor.java:104)
at java.base/java.lang.reflect.Method.invoke(Method.java:578)
at org.testng.internal.invokers.MethodInvocationHelper.invokeMethod(MethodInvocationHelper.java:139)
at org.testng.internal.invokers.TestInvoker.invokeMethod(TestInvoker.java:664)
at org.testng.internal.invokers.TestInvoker.invokeTestMethod(TestInvoker.java:227)
at org.testng.internal.invokers.MethodRunner.runInSequence(MethodRunner.java:50)
at org.testng.internal.invokers.TestInvoker$MethodInvocationAgent.invoke(TestInvoker.java:957)
at org.testng.internal.invokers.TestInvoker.invokeTestMethods(TestInvoker.java:200)
at org.testng.internal.invokers.TestMethodWorker.invokeTestMethods(TestMethodWorker.java:148)
at org.testng.internal.invokers.TestMethodWorker.run(TestMethodWorker.java:128)
at java.base/java.util.ArrayList.forEach(ArrayList.java:1511)
at org.testng.TestRunner.privateRun(TestRunner.java:848)
at org.testng.TestRunner.run(TestRunner.java:621)
at org.testng.SuiteRunner.runTest(SuiteRunner.java:443)
at org.testng.SuiteRunner.runSequentially(SuiteRunner.java:437)
at org.testng.SuiteRunner.privateRun(SuiteRunner.java:397)
at org.testng.SuiteRunner.run(SuiteRunner.java:336)
at org.testng.SuiteRunnerWorker.runSuite(SuiteRunnerWorker.java:52)
at org.testng.SuiteRunnerWorker.run(SuiteRunnerWorker.java:95)
at org.testng.TestNG.runSuitesSequentially(TestNG.java:1280)
at org.testng.TestNG.runSuitesLocally(TestNG.java:1200)
at org.testng.TestNG.runSuites(TestNG.java:1114)
at org.testng.TestNG.run(TestNG.java:1082)
at org.testng.remote.AbstractRemoteTestNG.run(AbstractRemoteTestNG.java:115)
at org.testng.remote.RemoteTestNG.initAndRun(RemoteTestNG.java:251)
at org.testng.remote.RemoteTestNG.main(RemoteTestNG.java:77)
]]>
            </full-stacktrace>
          </exception> <!-- org.openqa.selenium.NoSuchElementException -->
          <reporter-output>
          </reporter-output>
        </test-method> <!-- Validatingdefaultflightdetailsbooksearchwithgst -->
        <test-method is-config="true" signature="endup()[pri:0, instance:testScripts.FlightReviewBookPageTest@510f3d34]" started-at="2023-09-22T19:47:46 IST" name="endup" finished-at="2023-09-22T19:47:52 IST" duration-ms="6102" status="PASS">
          <reporter-output>
          </reporter-output>
        </test-method> <!-- endup -->
        <test-method is-config="true" signature="Setup()[pri:0, instance:testScripts.FlightReviewBookPageTest@510f3d34]" started-at="2023-09-22T19:47:52 IST" name="Setup" finished-at="2023-09-22T19:47:58 IST" duration-ms="6092" status="PASS">
          <reporter-output>
          </reporter-output>
        </test-method> <!-- Setup -->
        <test-method signature="Validatingdefaultflightdetailsbooksearchwithseatmealandluggage()[pri:0, instance:testScripts.FlightReviewBookPageTest@510f3d34]" started-at="2023-09-22T19:47:58 IST" name="Validatingdefaultflightdetailsbooksearchwithseatmealandluggage" finished-at="2023-09-22T19:48:43 IST" duration-ms="45290" status="FAIL">
          <exception class="org.openqa.selenium.NoSuchElementException">
            <message>
              <![CDATA[no such element: Unable to locate element: {"method":"xpath","selector":"//button[@class='sc-gEvEer fteAEG btn Flight-btn-purple Flight-sm-btn Flight-font14']"}
  (Session info: chrome=115.0.5790.170)
For documentation on this error, please visit: https://www.selenium.dev/documentation/webdriver/troubleshooting/errors#no-such-element-exception
Build info: version: '4.11.0', revision: '040bc5406b'
System info: os.name: 'Linux', os.arch: 'amd64', os.version: '5.15.0-84-generic', java.version: '20.0.1'
Driver info: org.openqa.selenium.chrome.ChromeDriver
Command: [5fae0394a1ebb01f04a48eb8142e6255, findElement {using=xpath, value=//button[@class='sc-gEvEer fteAEG btn Flight-btn-purple Flight-sm-btn Flight-font14']}]
Capabilities {acceptInsecureCerts: false, browserName: chrome, browserVersion: 115.0.5790.170, chrome: {chromedriverVersion: 114.0.5735.90 (386bc09e8f4f..., userDataDir: /tmp/.com.google.Chrome.gdupKY}, goog:chromeOptions: {debuggerAddress: localhost:34059}, networkConnectionEnabled: false, pageLoadStrategy: normal, platformName: linux, proxy: Proxy(), se:cdp: ws://localhost:34059/devtoo..., se:cdpVersion: 115.0.5790.170, setWindowRect: true, strictFileInteractability: false, timeouts: {implicit: 0, pageLoad: 300000, script: 30000}, unhandledPromptBehavior: dismiss and notify, webauthn:extension:credBlob: true, webauthn:extension:largeBlob: true, webauthn:extension:minPinLength: true, webauthn:extension:prf: true, webauthn:virtualAuthenticators: true}
Session ID: 5fae0394a1ebb01f04a48eb8142e6255]]>
            </message>
            <full-stacktrace>
              <![CDATA[org.openqa.selenium.NoSuchElementException: no such element: Unable to locate element: {"method":"xpath","selector":"//button[@class='sc-gEvEer fteAEG btn Flight-btn-purple Flight-sm-btn Flight-font14']"}
  (Session info: chrome=115.0.5790.170)
For documentation on this error, please visit: https://www.selenium.dev/documentation/webdriver/troubleshooting/errors#no-such-element-exception
Build info: version: '4.11.0', revision: '040bc5406b'
System info: os.name: 'Linux', os.arch: 'amd64', os.version: '5.15.0-84-generic', java.version: '20.0.1'
Driver info: org.openqa.selenium.chrome.ChromeDriver
Command: [5fae0394a1ebb01f04a48eb8142e6255, findElement {using=xpath, value=//button[@class='sc-gEvEer fteAEG btn Flight-btn-purple Flight-sm-btn Flight-font14']}]
Capabilities {acceptInsecureCerts: false, browserName: chrome, browserVersion: 115.0.5790.170, chrome: {chromedriverVersion: 114.0.5735.90 (386bc09e8f4f..., userDataDir: /tmp/.com.google.Chrome.gdupKY}, goog:chromeOptions: {debuggerAddress: localhost:34059}, networkConnectionEnabled: false, pageLoadStrategy: normal, platformName: linux, proxy: Proxy(), se:cdp: ws://localhost:34059/devtoo..., se:cdpVersion: 115.0.5790.170, setWindowRect: true, strictFileInteractability: false, timeouts: {implicit: 0, pageLoad: 300000, script: 30000}, unhandledPromptBehavior: dismiss and notify, webauthn:extension:credBlob: true, webauthn:extension:largeBlob: true, webauthn:extension:minPinLength: true, webauthn:extension:prf: true, webauthn:virtualAuthenticators: true}
Session ID: 5fae0394a1ebb01f04a48eb8142e6255
at java.base/jdk.internal.reflect.DirectConstructorHandleAccessor.newInstance(DirectConstructorHandleAccessor.java:67)
at java.base/java.lang.reflect.Constructor.newInstanceWithCaller(Constructor.java:500)
at java.base/java.lang.reflect.Constructor.newInstance(Constructor.java:484)
at org.openqa.selenium.remote.codec.w3c.W3CHttpResponseCodec.createException(W3CHttpResponseCodec.java:200)
at org.openqa.selenium.remote.codec.w3c.W3CHttpResponseCodec.decode(W3CHttpResponseCodec.java:133)
at org.openqa.selenium.remote.codec.w3c.W3CHttpResponseCodec.decode(W3CHttpResponseCodec.java:52)
at org.openqa.selenium.remote.HttpCommandExecutor.execute(HttpCommandExecutor.java:191)
at org.openqa.selenium.remote.service.DriverCommandExecutor.invokeExecute(DriverCommandExecutor.java:196)
at org.openqa.selenium.remote.service.DriverCommandExecutor.execute(DriverCommandExecutor.java:171)
at org.openqa.selenium.remote.RemoteWebDriver.execute(RemoteWebDriver.java:518)
at org.openqa.selenium.remote.ElementLocation$ElementFinder$2.findElement(ElementLocation.java:165)
at org.openqa.selenium.remote.ElementLocation.findElement(ElementLocation.java:59)
at org.openqa.selenium.remote.RemoteWebDriver.findElement(RemoteWebDriver.java:355)
at org.openqa.selenium.remote.RemoteWebDriver.findElement(RemoteWebDriver.java:349)
at org.openqa.selenium.support.pagefactory.DefaultElementLocator.findElement(DefaultElementLocator.java:68)
at org.openqa.selenium.support.pagefactory.internal.LocatingElementHandler.invoke(LocatingElementHandler.java:38)
at jdk.proxy2/jdk.proxy2.$Proxy11.click(Unknown Source)
at pageObjects.FlightReviewPageObjects.addondone(FlightReviewPageObjects.java:342)
at testScripts.FlightReviewBookPageTest.Validatingdefaultflightdetailsbooksearchwithseatmealandluggage(FlightReviewBookPageTest.java:334)
at java.base/jdk.internal.reflect.DirectMethodHandleAccessor.invoke(DirectMethodHandleAccessor.java:104)
at java.base/java.lang.reflect.Method.invoke(Method.java:578)
at org.testng.internal.invokers.MethodInvocationHelper.invokeMethod(MethodInvocationHelper.java:139)
at org.testng.internal.invokers.TestInvoker.invokeMethod(TestInvoker.java:664)
at org.testng.internal.invokers.TestInvoker.invokeTestMethod(TestInvoker.java:227)
at org.testng.internal.invokers.MethodRunner.runInSequence(MethodRunner.java:50)
at org.testng.internal.invokers.TestInvoker$MethodInvocationAgent.invoke(TestInvoker.java:957)
at org.testng.internal.invokers.TestInvoker.invokeTestMethods(TestInvoker.java:200)
at org.testng.internal.invokers.TestMethodWorker.invokeTestMethods(TestMethodWorker.java:148)
at org.testng.internal.invokers.TestMethodWorker.run(TestMethodWorker.java:128)
at java.base/java.util.ArrayList.forEach(ArrayList.java:1511)
at org.testng.TestRunner.privateRun(TestRunner.java:848)
at org.testng.TestRunner.run(TestRunner.java:621)
at org.testng.SuiteRunner.runTest(SuiteRunner.java:443)
at org.testng.SuiteRunner.runSequentially(SuiteRunner.java:437)
at org.testng.SuiteRunner.privateRun(SuiteRunner.java:397)
at org.testng.SuiteRunner.run(SuiteRunner.java:336)
at org.testng.SuiteRunnerWorker.runSuite(SuiteRunnerWorker.java:52)
at org.testng.SuiteRunnerWorker.run(SuiteRunnerWorker.java:95)
at org.testng.TestNG.runSuitesSequentially(TestNG.java:1280)
at org.testng.TestNG.runSuitesLocally(TestNG.java:1200)
at org.testng.TestNG.runSuites(TestNG.java:1114)
at org.testng.TestNG.run(TestNG.java:1082)
at org.testng.remote.AbstractRemoteTestNG.run(AbstractRemoteTestNG.java:115)
at org.testng.remote.RemoteTestNG.initAndRun(RemoteTestNG.java:251)
at org.testng.remote.RemoteTestNG.main(RemoteTestNG.java:77)
]]>
            </full-stacktrace>
          </exception> <!-- org.openqa.selenium.NoSuchElementException -->
          <reporter-output>
          </reporter-output>
        </test-method> <!-- Validatingdefaultflightdetailsbooksearchwithseatmealandluggage -->
        <test-method is-config="true" signature="endup()[pri:0, instance:testScripts.FlightReviewBookPageTest@510f3d34]" started-at="2023-09-22T19:48:43 IST" name="endup" finished-at="2023-09-22T19:48:49 IST" duration-ms="6102" status="PASS">
          <reporter-output>
          </reporter-output>
        </test-method> <!-- endup -->
      </class> <!-- testScripts.FlightReviewBookPageTest -->
    </test> <!-- Default test -->
  </suite> <!-- Default suite -->
</testng-results>
