<?xml version="1.0" encoding="UTF-8"?>
<!-- Generated by org.testng.reporters.JUnitXMLReporter -->
<testsuite ignored="17" hostname="DESKTOP-1FBF64B" failures="2" tests="2" name="Default test(failed)(failed)(failed)(failed)(failed)" time="172.545" errors="0" timestamp="2023-06-27T18:09:56 IST">
  <testcase classname="testScripts.FlightDetailsPageTestCases" name="ValidatetheDomesticDefaultFlightBookDetailsoneWaywithAdultsChildInfantandGst" time="57.522">
    <failure type="org.openqa.selenium.NoSuchElementException" message="no such element: Unable to locate element: {&amp;quot;method&amp;quot;:&amp;quot;xpath&amp;quot;,&amp;quot;selector&amp;quot;:&amp;quot;//div[contains(@class, &amp;apos;react-datepicker__day&amp;apos;) and @aria-label=&amp;apos;Choose Monday, June 13th, 2023&amp;apos;]&amp;quot;}
  (Session info: chrome=114.0.5735.135)
For documentation on this error, please visit: https://selenium.dev/exceptions/#no_such_element
Build info: version: &amp;apos;4.9.1&amp;apos;, revision: &amp;apos;eb2032df7f&amp;apos;
System info: os.name: &amp;apos;Windows 10&amp;apos;, os.arch: &amp;apos;amd64&amp;apos;, os.version: &amp;apos;10.0&amp;apos;, java.version: &amp;apos;20.0.1&amp;apos;
Driver info: org.openqa.selenium.chrome.ChromeDriver
Command: [b3136cb778ccb8b76c8b489592dbddb8, findElement {using=xpath, value=//div[contains(@class, &amp;apos;react-datepicker__day&amp;apos;) and @aria-label=&amp;apos;Choose Monday, June 13th, 2023&amp;apos;]}]
Capabilities {acceptInsecureCerts: false, browserName: chrome, browserVersion: 114.0.5735.135, chrome: {chromedriverVersion: 114.0.5735.90 (386bc09e8f4f..., userDataDir: C:\Users\hp\AppData\Local\T...}, goog:chromeOptions: {debuggerAddress: localhost:58194}, networkConnectionEnabled: false, pageLoadStrategy: normal, platformName: windows, proxy: Proxy(), se:cdp: ws://localhost:58194/devtoo..., se:cdpVersion: 114.0.5735.135, setWindowRect: true, strictFileInteractability: false, timeouts: {implicit: 0, pageLoad: 300000, script: 30000}, unhandledPromptBehavior: dismiss and notify, webauthn:extension:credBlob: true, webauthn:extension:largeBlob: true, webauthn:extension:minPinLength: true, webauthn:extension:prf: true, webauthn:virtualAuthenticators: true}
Session ID: b3136cb778ccb8b76c8b489592dbddb8">
      <![CDATA[org.openqa.selenium.NoSuchElementException: no such element: Unable to locate element: {"method":"xpath","selector":"//div[contains(@class, 'react-datepicker__day') and @aria-label='Choose Monday, June 13th, 2023']"}
  (Session info: chrome=114.0.5735.135)
For documentation on this error, please visit: https://selenium.dev/exceptions/#no_such_element
Build info: version: '4.9.1', revision: 'eb2032df7f'
System info: os.name: 'Windows 10', os.arch: 'amd64', os.version: '10.0', java.version: '20.0.1'
Driver info: org.openqa.selenium.chrome.ChromeDriver
Command: [b3136cb778ccb8b76c8b489592dbddb8, findElement {using=xpath, value=//div[contains(@class, 'react-datepicker__day') and @aria-label='Choose Monday, June 13th, 2023']}]
Capabilities {acceptInsecureCerts: false, browserName: chrome, browserVersion: 114.0.5735.135, chrome: {chromedriverVersion: 114.0.5735.90 (386bc09e8f4f..., userDataDir: C:\Users\hp\AppData\Local\T...}, goog:chromeOptions: {debuggerAddress: localhost:58194}, networkConnectionEnabled: false, pageLoadStrategy: normal, platformName: windows, proxy: Proxy(), se:cdp: ws://localhost:58194/devtoo..., se:cdpVersion: 114.0.5735.135, setWindowRect: true, strictFileInteractability: false, timeouts: {implicit: 0, pageLoad: 300000, script: 30000}, unhandledPromptBehavior: dismiss and notify, webauthn:extension:credBlob: true, webauthn:extension:largeBlob: true, webauthn:extension:minPinLength: true, webauthn:extension:prf: true, webauthn:virtualAuthenticators: true}
Session ID: b3136cb778ccb8b76c8b489592dbddb8
at org.openqa.selenium.remote.codec.w3c.W3CHttpResponseCodec.createException(W3CHttpResponseCodec.java:200)
at org.openqa.selenium.remote.codec.w3c.W3CHttpResponseCodec.decode(W3CHttpResponseCodec.java:133)
at org.openqa.selenium.remote.codec.w3c.W3CHttpResponseCodec.decode(W3CHttpResponseCodec.java:53)
at org.openqa.selenium.remote.HttpCommandExecutor.execute(HttpCommandExecutor.java:193)
at org.openqa.selenium.remote.service.DriverCommandExecutor.invokeExecute(DriverCommandExecutor.java:183)
at org.openqa.selenium.remote.service.DriverCommandExecutor.execute(DriverCommandExecutor.java:158)
at org.openqa.selenium.remote.RemoteWebDriver.execute(RemoteWebDriver.java:543)
at org.openqa.selenium.remote.ElementLocation$ElementFinder$2.findElement(ElementLocation.java:162)
at org.openqa.selenium.remote.ElementLocation.findElement(ElementLocation.java:60)
at org.openqa.selenium.remote.RemoteWebDriver.findElement(RemoteWebDriver.java:352)
at org.openqa.selenium.remote.RemoteWebDriver.findElement(RemoteWebDriver.java:344)
at org.openqa.selenium.support.pagefactory.DefaultElementLocator.findElement(DefaultElementLocator.java:70)
at org.openqa.selenium.support.pagefactory.internal.LocatingElementHandler.invoke(LocatingElementHandler.java:39)
at jdk.proxy2/jdk.proxy2.$Proxy12.click(Unknown Source)
at pageObjects.FlightDetailsPageObjects.infantdobclick(FlightDetailsPageObjects.java:200)
at testScripts.FlightDetailsPageTestCases.ValidatetheDomesticDefaultFlightBookDetailsoneWaywithAdultsChildInfantandGst(FlightDetailsPageTestCases.java:179)
at java.base/java.util.ArrayList.forEach(ArrayList.java:1511)
... Removed 28 stack frames]]>
    </failure>
  </testcase> <!-- ValidatetheDomesticDefaultFlightBookDetailsoneWaywithAdultsChildInfantandGst -->
  <testcase classname="testScripts.FlightDetailsPageTestCases" name="ValidatetheDomesticDefaultFlightBookDetailsoneWaywithFareSeniorCitizen" time="40.457">
    <failure type="org.openqa.selenium.NoSuchElementException" message="no such element: Unable to locate element: {&amp;quot;method&amp;quot;:&amp;quot;xpath&amp;quot;,&amp;quot;selector&amp;quot;:&amp;quot;//div[contains(@class, &amp;apos;react-datepicker__day&amp;apos;) and @aria-label=&amp;apos;Choose Monday, June 13th, 1963&amp;apos;]&amp;quot;}
  (Session info: chrome=114.0.5735.135)
For documentation on this error, please visit: https://selenium.dev/exceptions/#no_such_element
Build info: version: &amp;apos;4.9.1&amp;apos;, revision: &amp;apos;eb2032df7f&amp;apos;
System info: os.name: &amp;apos;Windows 10&amp;apos;, os.arch: &amp;apos;amd64&amp;apos;, os.version: &amp;apos;10.0&amp;apos;, java.version: &amp;apos;20.0.1&amp;apos;
Driver info: org.openqa.selenium.chrome.ChromeDriver
Command: [333ba333a7db0fb8481f49049f0e96d7, findElement {using=xpath, value=//div[contains(@class, &amp;apos;react-datepicker__day&amp;apos;) and @aria-label=&amp;apos;Choose Monday, June 13th, 1963&amp;apos;]}]
Capabilities {acceptInsecureCerts: false, browserName: chrome, browserVersion: 114.0.5735.135, chrome: {chromedriverVersion: 114.0.5735.90 (386bc09e8f4f..., userDataDir: C:\Users\hp\AppData\Local\T...}, goog:chromeOptions: {debuggerAddress: localhost:58358}, networkConnectionEnabled: false, pageLoadStrategy: normal, platformName: windows, proxy: Proxy(), se:cdp: ws://localhost:58358/devtoo..., se:cdpVersion: 114.0.5735.135, setWindowRect: true, strictFileInteractability: false, timeouts: {implicit: 0, pageLoad: 300000, script: 30000}, unhandledPromptBehavior: dismiss and notify, webauthn:extension:credBlob: true, webauthn:extension:largeBlob: true, webauthn:extension:minPinLength: true, webauthn:extension:prf: true, webauthn:virtualAuthenticators: true}
Session ID: 333ba333a7db0fb8481f49049f0e96d7">
      <![CDATA[org.openqa.selenium.NoSuchElementException: no such element: Unable to locate element: {"method":"xpath","selector":"//div[contains(@class, 'react-datepicker__day') and @aria-label='Choose Monday, June 13th, 1963']"}
  (Session info: chrome=114.0.5735.135)
For documentation on this error, please visit: https://selenium.dev/exceptions/#no_such_element
Build info: version: '4.9.1', revision: 'eb2032df7f'
System info: os.name: 'Windows 10', os.arch: 'amd64', os.version: '10.0', java.version: '20.0.1'
Driver info: org.openqa.selenium.chrome.ChromeDriver
Command: [333ba333a7db0fb8481f49049f0e96d7, findElement {using=xpath, value=//div[contains(@class, 'react-datepicker__day') and @aria-label='Choose Monday, June 13th, 1963']}]
Capabilities {acceptInsecureCerts: false, browserName: chrome, browserVersion: 114.0.5735.135, chrome: {chromedriverVersion: 114.0.5735.90 (386bc09e8f4f..., userDataDir: C:\Users\hp\AppData\Local\T...}, goog:chromeOptions: {debuggerAddress: localhost:58358}, networkConnectionEnabled: false, pageLoadStrategy: normal, platformName: windows, proxy: Proxy(), se:cdp: ws://localhost:58358/devtoo..., se:cdpVersion: 114.0.5735.135, setWindowRect: true, strictFileInteractability: false, timeouts: {implicit: 0, pageLoad: 300000, script: 30000}, unhandledPromptBehavior: dismiss and notify, webauthn:extension:credBlob: true, webauthn:extension:largeBlob: true, webauthn:extension:minPinLength: true, webauthn:extension:prf: true, webauthn:virtualAuthenticators: true}
Session ID: 333ba333a7db0fb8481f49049f0e96d7
at org.openqa.selenium.remote.codec.w3c.W3CHttpResponseCodec.createException(W3CHttpResponseCodec.java:200)
at org.openqa.selenium.remote.codec.w3c.W3CHttpResponseCodec.decode(W3CHttpResponseCodec.java:133)
at org.openqa.selenium.remote.codec.w3c.W3CHttpResponseCodec.decode(W3CHttpResponseCodec.java:53)
at org.openqa.selenium.remote.HttpCommandExecutor.execute(HttpCommandExecutor.java:193)
at org.openqa.selenium.remote.service.DriverCommandExecutor.invokeExecute(DriverCommandExecutor.java:183)
at org.openqa.selenium.remote.service.DriverCommandExecutor.execute(DriverCommandExecutor.java:158)
at org.openqa.selenium.remote.RemoteWebDriver.execute(RemoteWebDriver.java:543)
at org.openqa.selenium.remote.ElementLocation$ElementFinder$2.findElement(ElementLocation.java:162)
at org.openqa.selenium.remote.ElementLocation.findElement(ElementLocation.java:60)
at org.openqa.selenium.remote.RemoteWebDriver.findElement(RemoteWebDriver.java:352)
at org.openqa.selenium.remote.RemoteWebDriver.findElement(RemoteWebDriver.java:344)
at org.openqa.selenium.support.pagefactory.DefaultElementLocator.findElement(DefaultElementLocator.java:70)
at org.openqa.selenium.support.pagefactory.internal.LocatingElementHandler.invoke(LocatingElementHandler.java:39)
at jdk.proxy2/jdk.proxy2.$Proxy12.click(Unknown Source)
at pageObjects.FlightDetailsPageObjects.seniorcitizendobclick(FlightDetailsPageObjects.java:204)
at testScripts.FlightDetailsPageTestCases.ValidatetheDomesticDefaultFlightBookDetailsoneWaywithFareSeniorCitizen(FlightDetailsPageTestCases.java:246)
at java.base/java.util.ArrayList.forEach(ArrayList.java:1511)
... Removed 28 stack frames]]>
    </failure>
  </testcase> <!-- ValidatetheDomesticDefaultFlightBookDetailsoneWaywithFareSeniorCitizen -->
  <testcase classname="testScripts.FlightDetailsPageTestCases" name="ValidatetheEnteringCityFlightBookDetailsRoundTripInternational" time="0.0">
    <ignored/>
  </testcase> <!-- ValidatetheEnteringCityFlightBookDetailsRoundTripInternational -->
  <testcase classname="testScripts.FlightDetailsPageTestCases" name="ValidatetheDomesticDefaultFlightBookDetailsRoundTripwithClassPremiumEconomy" time="0.0">
    <ignored/>
  </testcase> <!-- ValidatetheDomesticDefaultFlightBookDetailsRoundTripwithClassPremiumEconomy -->
  <testcase classname="testScripts.FlightDetailsPageTestCases" name="Validatingdefaultflightdetailsbooksearchwithgst" time="0.0">
    <ignored/>
  </testcase> <!-- Validatingdefaultflightdetailsbooksearchwithgst -->
  <testcase classname="testScripts.FlightDetailsPageTestCases" name="ValidatetheDefaultFlightBookDetailsOneWayTripwithCitySelectDropdown" time="0.0">
    <ignored/>
  </testcase> <!-- ValidatetheDefaultFlightBookDetailsOneWayTripwithCitySelectDropdown -->
  <testcase classname="testScripts.FlightDetailsPageTestCases" name="Validatingdefaultflightdetailsbooksearch" time="0.0">
    <ignored/>
  </testcase> <!-- Validatingdefaultflightdetailsbooksearch -->
  <testcase classname="testScripts.FlightDetailsPageTestCases" name="ValidatetheDomesticDefaultFlightBookDetailsRoundTripwithClassBusiness" time="0.0">
    <ignored/>
  </testcase> <!-- ValidatetheDomesticDefaultFlightBookDetailsRoundTripwithClassBusiness -->
  <testcase classname="testScripts.FlightDetailsPageTestCases" name="ValidatingdefaultflightBookDetailsoneWaywithClassBusiness" time="0.0">
    <ignored/>
  </testcase> <!-- ValidatingdefaultflightBookDetailsoneWaywithClassBusiness -->
  <testcase classname="testScripts.FlightDetailsPageTestCases" name="ValidatetheDomesticDefaultFlightBookDetailsRoundTripwithSwap" time="0.0">
    <ignored/>
  </testcase> <!-- ValidatetheDomesticDefaultFlightBookDetailsRoundTripwithSwap -->
  <testcase classname="testScripts.FlightDetailsPageTestCases" name="ValidatetheDomesticDefaultFlightBookDetailsOneWayTripwithSwap" time="0.0">
    <ignored/>
  </testcase> <!-- ValidatetheDomesticDefaultFlightBookDetailsOneWayTripwithSwap -->
  <testcase classname="testScripts.FlightDetailsPageTestCases" name="ValidatetheDomesticDefaultFlightBookDetailsoneWaywithFareArmedforce" time="0.0">
    <ignored/>
  </testcase> <!-- ValidatetheDomesticDefaultFlightBookDetailsoneWaywithFareArmedforce -->
  <testcase classname="testScripts.FlightDetailsPageTestCases" name="ValidatingdefaultflightBookDetailsoneWaywithClassPremiumEconomy" time="0.0">
    <ignored/>
  </testcase> <!-- ValidatingdefaultflightBookDetailsoneWaywithClassPremiumEconomy -->
  <testcase classname="testScripts.FlightDetailsPageTestCases" name="ValidatetheFlightBookDetailsRoundTripwithCitySelectDropdown" time="0.0">
    <ignored/>
  </testcase> <!-- ValidatetheFlightBookDetailsRoundTripwithCitySelectDropdown -->
  <testcase classname="testScripts.FlightDetailsPageTestCases" name="ValidatetheEnteringCityFlightBookDetailsRoundTripInternationalPassport" time="0.0">
    <ignored/>
  </testcase> <!-- ValidatetheEnteringCityFlightBookDetailsRoundTripInternationalPassport -->
  <testcase classname="testScripts.FlightDetailsPageTestCases" name="ValidatetheEnteringCityFlightBookDetailsRoundTrip" time="0.0">
    <ignored/>
  </testcase> <!-- ValidatetheEnteringCityFlightBookDetailsRoundTrip -->
  <testcase classname="testScripts.FlightDetailsPageTestCases" name="ValidatetheDomesticDefaultFlightBookDetailsRoundTrip" time="0.0">
    <ignored/>
  </testcase> <!-- ValidatetheDomesticDefaultFlightBookDetailsRoundTrip -->
  <testcase classname="testScripts.FlightDetailsPageTestCases" name="ValidatetheDomesticDefaultFlightBookDetailsoneWaywithFareStudent" time="0.0">
    <ignored/>
  </testcase> <!-- ValidatetheDomesticDefaultFlightBookDetailsoneWaywithFareStudent -->
  <testcase classname="testScripts.FlightDetailsPageTestCases" name="ValidatetheDomesticDefaultFlightBookDetailsoneWaywithdoctorandnurses" time="0.0">
    <ignored/>
  </testcase> <!-- ValidatetheDomesticDefaultFlightBookDetailsoneWaywithdoctorandnurses -->
</testsuite> <!-- Default test(failed)(failed)(failed)(failed)(failed) -->
