<?xml version="1.0" encoding="UTF-8"?>
<!-- Generated by org.testng.reporters.JUnitXMLReporter -->
<testsuite ignored="36" hostname="gt72wroker" failures="2" tests="2" name="Default test(failed)(failed)(failed)" time="85.741" errors="0" timestamp="2023-08-21T12:46:42 IST">
  <testcase classname="testScripts.FlightReviewBookPageTest" name="ValidatetheDefaultFlightBookDetailsOneWayTripwithCitySelectDropdown" time="28.888">
    <failure type="org.openqa.selenium.WebDriverException" message="disconnected: received Inspector.detached event
  (failed to check if window was closed: disconnected: Unable to receive message from renderer)
  (Session info: chrome=115.0.5790.170)
Build info: version: &amp;apos;4.11.0&amp;apos;, revision: &amp;apos;040bc5406b&amp;apos;
System info: os.name: &amp;apos;Linux&amp;apos;, os.arch: &amp;apos;amd64&amp;apos;, os.version: &amp;apos;5.15.0-79-generic&amp;apos;, java.version: &amp;apos;20.0.1&amp;apos;
Driver info: org.openqa.selenium.chrome.ChromeDriver
Command: [2a0b3465b15864a255c17d15ae3ea914, findElement {using=id, value=fare id}]
Capabilities {acceptInsecureCerts: false, browserName: chrome, browserVersion: 115.0.5790.170, chrome: {chromedriverVersion: 114.0.5735.90 (386bc09e8f4f..., userDataDir: /tmp/.com.google.Chrome.jvvGeX}, goog:chromeOptions: {debuggerAddress: localhost:42939}, networkConnectionEnabled: false, pageLoadStrategy: normal, platformName: linux, proxy: Proxy(), se:cdp: ws://localhost:42939/devtoo..., se:cdpVersion: 115.0.5790.170, setWindowRect: true, strictFileInteractability: false, timeouts: {implicit: 0, pageLoad: 300000, script: 30000}, unhandledPromptBehavior: dismiss and notify, webauthn:extension:credBlob: true, webauthn:extension:largeBlob: true, webauthn:extension:minPinLength: true, webauthn:extension:prf: true, webauthn:virtualAuthenticators: true}
Session ID: 2a0b3465b15864a255c17d15ae3ea914">
      <![CDATA[org.openqa.selenium.WebDriverException: disconnected: received Inspector.detached event
  (failed to check if window was closed: disconnected: Unable to receive message from renderer)
  (Session info: chrome=115.0.5790.170)
Build info: version: '4.11.0', revision: '040bc5406b'
System info: os.name: 'Linux', os.arch: 'amd64', os.version: '5.15.0-79-generic', java.version: '20.0.1'
Driver info: org.openqa.selenium.chrome.ChromeDriver
Command: [2a0b3465b15864a255c17d15ae3ea914, findElement {using=id, value=fare id}]
Capabilities {acceptInsecureCerts: false, browserName: chrome, browserVersion: 115.0.5790.170, chrome: {chromedriverVersion: 114.0.5735.90 (386bc09e8f4f..., userDataDir: /tmp/.com.google.Chrome.jvvGeX}, goog:chromeOptions: {debuggerAddress: localhost:42939}, networkConnectionEnabled: false, pageLoadStrategy: normal, platformName: linux, proxy: Proxy(), se:cdp: ws://localhost:42939/devtoo..., se:cdpVersion: 115.0.5790.170, setWindowRect: true, strictFileInteractability: false, timeouts: {implicit: 0, pageLoad: 300000, script: 30000}, unhandledPromptBehavior: dismiss and notify, webauthn:extension:credBlob: true, webauthn:extension:largeBlob: true, webauthn:extension:minPinLength: true, webauthn:extension:prf: true, webauthn:virtualAuthenticators: true}
Session ID: 2a0b3465b15864a255c17d15ae3ea914
at org.openqa.selenium.remote.codec.w3c.W3CHttpResponseCodec.createException(W3CHttpResponseCodec.java:200)
at org.openqa.selenium.remote.codec.w3c.W3CHttpResponseCodec.decode(W3CHttpResponseCodec.java:133)
at org.openqa.selenium.remote.codec.w3c.W3CHttpResponseCodec.decode(W3CHttpResponseCodec.java:52)
at org.openqa.selenium.remote.HttpCommandExecutor.execute(HttpCommandExecutor.java:191)
at org.openqa.selenium.remote.service.DriverCommandExecutor.invokeExecute(DriverCommandExecutor.java:196)
at org.openqa.selenium.remote.service.DriverCommandExecutor.execute(DriverCommandExecutor.java:171)
at org.openqa.selenium.remote.RemoteWebDriver.execute(RemoteWebDriver.java:518)
at org.openqa.selenium.remote.ElementLocation$ElementFinder$2.findElement(ElementLocation.java:165)
at org.openqa.selenium.remote.ElementLocation.findElement(ElementLocation.java:59)
at org.openqa.selenium.remote.RemoteWebDriver.findElement(RemoteWebDriver.java:355)
at org.openqa.selenium.remote.RemoteWebDriver.findElement(RemoteWebDriver.java:349)
at org.openqa.selenium.support.pagefactory.DefaultElementLocator.findElement(DefaultElementLocator.java:68)
at org.openqa.selenium.support.pagefactory.internal.LocatingElementHandler.invoke(LocatingElementHandler.java:38)
at jdk.proxy2/jdk.proxy2.$Proxy11.click(Unknown Source)
at pageObjects.FlightResultsPageObjects.bookflights(FlightResultsPageObjects.java:34)
at testScripts.FlightReviewBookPageTest.ValidatetheDefaultFlightBookDetailsOneWayTripwithCitySelectDropdown(FlightReviewBookPageTest.java:1463)
at java.base/java.util.ArrayList.forEach(ArrayList.java:1511)
... Removed 28 stack frames]]>
    </failure>
  </testcase> <!-- ValidatetheDefaultFlightBookDetailsOneWayTripwithCitySelectDropdown -->
  <testcase classname="testScripts.FlightReviewBookPageTest" name="ValidatetheDomesticDefaultFlightBookDetailsRoundTrip" time="30.462">
    <failure type="org.openqa.selenium.NoSuchElementException" message="no such element: Unable to locate element: {&amp;quot;method&amp;quot;:&amp;quot;xpath&amp;quot;,&amp;quot;selector&amp;quot;:&amp;quot;//button[@class=&amp;apos;sc-gEvEer fteAEG ms-2 btn Flight-btn-purple Flight-sm-btn Flight-font16 rounded-pill&amp;apos;]&amp;quot;}
  (Session info: chrome=115.0.5790.170)
For documentation on this error, please visit: https://www.selenium.dev/documentation/webdriver/troubleshooting/errors#no-such-element-exception
Build info: version: &amp;apos;4.11.0&amp;apos;, revision: &amp;apos;040bc5406b&amp;apos;
System info: os.name: &amp;apos;Linux&amp;apos;, os.arch: &amp;apos;amd64&amp;apos;, os.version: &amp;apos;5.15.0-79-generic&amp;apos;, java.version: &amp;apos;20.0.1&amp;apos;
Driver info: org.openqa.selenium.chrome.ChromeDriver
Command: [1e03fed1d7239f0289539c1b617dd6e1, findElement {using=xpath, value=//button[@class=&amp;apos;sc-gEvEer fteAEG ms-2 btn Flight-btn-purple Flight-sm-btn Flight-font16 rounded-pill&amp;apos;]}]
Capabilities {acceptInsecureCerts: false, browserName: chrome, browserVersion: 115.0.5790.170, chrome: {chromedriverVersion: 114.0.5735.90 (386bc09e8f4f..., userDataDir: /tmp/.com.google.Chrome.ldaVPn}, goog:chromeOptions: {debuggerAddress: localhost:46425}, networkConnectionEnabled: false, pageLoadStrategy: normal, platformName: linux, proxy: Proxy(), se:cdp: ws://localhost:46425/devtoo..., se:cdpVersion: 115.0.5790.170, setWindowRect: true, strictFileInteractability: false, timeouts: {implicit: 0, pageLoad: 300000, script: 30000}, unhandledPromptBehavior: dismiss and notify, webauthn:extension:credBlob: true, webauthn:extension:largeBlob: true, webauthn:extension:minPinLength: true, webauthn:extension:prf: true, webauthn:virtualAuthenticators: true}
Session ID: 1e03fed1d7239f0289539c1b617dd6e1">
      <![CDATA[org.openqa.selenium.NoSuchElementException: no such element: Unable to locate element: {"method":"xpath","selector":"//button[@class='sc-gEvEer fteAEG ms-2 btn Flight-btn-purple Flight-sm-btn Flight-font16 rounded-pill']"}
  (Session info: chrome=115.0.5790.170)
For documentation on this error, please visit: https://www.selenium.dev/documentation/webdriver/troubleshooting/errors#no-such-element-exception
Build info: version: '4.11.0', revision: '040bc5406b'
System info: os.name: 'Linux', os.arch: 'amd64', os.version: '5.15.0-79-generic', java.version: '20.0.1'
Driver info: org.openqa.selenium.chrome.ChromeDriver
Command: [1e03fed1d7239f0289539c1b617dd6e1, findElement {using=xpath, value=//button[@class='sc-gEvEer fteAEG ms-2 btn Flight-btn-purple Flight-sm-btn Flight-font16 rounded-pill']}]
Capabilities {acceptInsecureCerts: false, browserName: chrome, browserVersion: 115.0.5790.170, chrome: {chromedriverVersion: 114.0.5735.90 (386bc09e8f4f..., userDataDir: /tmp/.com.google.Chrome.ldaVPn}, goog:chromeOptions: {debuggerAddress: localhost:46425}, networkConnectionEnabled: false, pageLoadStrategy: normal, platformName: linux, proxy: Proxy(), se:cdp: ws://localhost:46425/devtoo..., se:cdpVersion: 115.0.5790.170, setWindowRect: true, strictFileInteractability: false, timeouts: {implicit: 0, pageLoad: 300000, script: 30000}, unhandledPromptBehavior: dismiss and notify, webauthn:extension:credBlob: true, webauthn:extension:largeBlob: true, webauthn:extension:minPinLength: true, webauthn:extension:prf: true, webauthn:virtualAuthenticators: true}
Session ID: 1e03fed1d7239f0289539c1b617dd6e1
at org.openqa.selenium.remote.codec.w3c.W3CHttpResponseCodec.createException(W3CHttpResponseCodec.java:200)
at org.openqa.selenium.remote.codec.w3c.W3CHttpResponseCodec.decode(W3CHttpResponseCodec.java:133)
at org.openqa.selenium.remote.codec.w3c.W3CHttpResponseCodec.decode(W3CHttpResponseCodec.java:52)
at org.openqa.selenium.remote.HttpCommandExecutor.execute(HttpCommandExecutor.java:191)
at org.openqa.selenium.remote.service.DriverCommandExecutor.invokeExecute(DriverCommandExecutor.java:196)
at org.openqa.selenium.remote.service.DriverCommandExecutor.execute(DriverCommandExecutor.java:171)
at org.openqa.selenium.remote.RemoteWebDriver.execute(RemoteWebDriver.java:518)
at org.openqa.selenium.remote.ElementLocation$ElementFinder$2.findElement(ElementLocation.java:165)
at org.openqa.selenium.remote.ElementLocation.findElement(ElementLocation.java:59)
at org.openqa.selenium.remote.RemoteWebDriver.findElement(RemoteWebDriver.java:355)
at org.openqa.selenium.remote.RemoteWebDriver.findElement(RemoteWebDriver.java:349)
at org.openqa.selenium.support.pagefactory.DefaultElementLocator.findElement(DefaultElementLocator.java:68)
at org.openqa.selenium.support.pagefactory.internal.LocatingElementHandler.invoke(LocatingElementHandler.java:38)
at jdk.proxy2/jdk.proxy2.$Proxy11.click(Unknown Source)
at pageObjects.FlightResultsPageObjects.roundbookflights(FlightResultsPageObjects.java:39)
at testScripts.FlightReviewBookPageTest.ValidatetheDomesticDefaultFlightBookDetailsRoundTrip(FlightReviewBookPageTest.java:1201)
at java.base/java.util.ArrayList.forEach(ArrayList.java:1511)
... Removed 28 stack frames]]>
    </failure>
  </testcase> <!-- ValidatetheDomesticDefaultFlightBookDetailsRoundTrip -->
  <testcase classname="testScripts.FlightReviewBookPageTest" name="ValidatetheDomesticDefaultFlightBookDetailsoneWaywithFareSeniorCitizenclassPremiumEconomy" time="0.0">
    <ignored/>
  </testcase> <!-- ValidatetheDomesticDefaultFlightBookDetailsoneWaywithFareSeniorCitizenclassPremiumEconomy -->
  <testcase classname="testScripts.FlightReviewBookPageTest" name="ValidatetheDomesticDefaultFlightBookDetailsoneWaywithFareStudentclassPremiumEconomy" time="0.0">
    <ignored/>
  </testcase> <!-- ValidatetheDomesticDefaultFlightBookDetailsoneWaywithFareStudentclassPremiumEconomy -->
  <testcase classname="testScripts.FlightReviewBookPageTest" name="ValidatetheDomesticDefaultFlightBookDetailsoneWaywithFareArmedforceClassBusiness" time="0.0">
    <ignored/>
  </testcase> <!-- ValidatetheDomesticDefaultFlightBookDetailsoneWaywithFareArmedforceClassBusiness -->
  <testcase classname="testScripts.FlightReviewBookPageTest" name="ValidatetheDomesticDefaultFlightBookDetailsoneWaywithFareSeniorCitizenclassfirst" time="0.0">
    <ignored/>
  </testcase> <!-- ValidatetheDomesticDefaultFlightBookDetailsoneWaywithFareSeniorCitizenclassfirst -->
  <testcase classname="testScripts.FlightReviewBookPageTest" name="ValidatetheDomesticDefaultFlightBookDetailsoneWaywithFareSeniorCitizen" time="0.0">
    <ignored/>
  </testcase> <!-- ValidatetheDomesticDefaultFlightBookDetailsoneWaywithFareSeniorCitizen -->
  <testcase classname="testScripts.FlightReviewBookPageTest" name="Validatingdefaultflightdetailsbooksearch" time="0.0">
    <ignored/>
  </testcase> <!-- Validatingdefaultflightdetailsbooksearch -->
  <testcase classname="testScripts.FlightReviewBookPageTest" name="ValidatetheDomesticDefaultFlightBookDetailsoneWaywithdoctorandnursesclassPremiumEconomy" time="0.0">
    <ignored/>
  </testcase> <!-- ValidatetheDomesticDefaultFlightBookDetailsoneWaywithdoctorandnursesclassPremiumEconomy -->
  <testcase classname="testScripts.FlightReviewBookPageTest" name="ValidatetheDomesticDefaultFlightBookDetailsoneWaywithAdultsChildInfant" time="0.0">
    <ignored/>
  </testcase> <!-- ValidatetheDomesticDefaultFlightBookDetailsoneWaywithAdultsChildInfant -->
  <testcase classname="testScripts.FlightReviewBookPageTest" name="Validatingdefaultflightdetailsbooksearchwithgst" time="0.0">
    <ignored/>
  </testcase> <!-- Validatingdefaultflightdetailsbooksearchwithgst -->
  <testcase classname="testScripts.FlightReviewBookPageTest" name="ValidatetheDomesticDefaultFlightBookDetailsoneWaywithdoctorandnurses" time="0.0">
    <ignored/>
  </testcase> <!-- ValidatetheDomesticDefaultFlightBookDetailsoneWaywithdoctorandnurses -->
  <testcase classname="testScripts.FlightReviewBookPageTest" name="ValidatetheDomesticDefaultFlightBookDetailsRoundTripwithClassPremiumEconomy" time="0.0">
    <ignored/>
  </testcase> <!-- ValidatetheDomesticDefaultFlightBookDetailsRoundTripwithClassPremiumEconomy -->
  <testcase classname="testScripts.FlightReviewBookPageTest" name="ValidatetheEnteringCityFlightBookDetailsRoundTripInternationalPassport" time="0.0">
    <ignored/>
  </testcase> <!-- ValidatetheEnteringCityFlightBookDetailsRoundTripInternationalPassport -->
  <testcase classname="testScripts.FlightReviewBookPageTest" name="ValidatetheDomesticDefaultFlightBookDetailsoneWaywithFareStudent" time="0.0">
    <ignored/>
  </testcase> <!-- ValidatetheDomesticDefaultFlightBookDetailsoneWaywithFareStudent -->
  <testcase classname="testScripts.FlightReviewBookPageTest" name="Validatingdefaultflightdetailsbooksearchgstwithviewdetails" time="0.0">
    <ignored/>
  </testcase> <!-- Validatingdefaultflightdetailsbooksearchgstwithviewdetails -->
  <testcase classname="testScripts.FlightReviewBookPageTest" name="Validatingdefaultflightdetailsbooksearchwithseatmealandluggage" time="0.0">
    <ignored/>
  </testcase> <!-- Validatingdefaultflightdetailsbooksearchwithseatmealandluggage -->
  <testcase classname="testScripts.FlightReviewBookPageTest" name="ValidatetheDomesticDefaultFlightBookDetailsRoundTripwithSwap" time="0.0">
    <ignored/>
  </testcase> <!-- ValidatetheDomesticDefaultFlightBookDetailsRoundTripwithSwap -->
  <testcase classname="testScripts.FlightReviewBookPageTest" name="ValidatetheDomesticDefaultFlightBookDetailsoneWaywithFareSeniorCitizenclassBusiness" time="0.0">
    <ignored/>
  </testcase> <!-- ValidatetheDomesticDefaultFlightBookDetailsoneWaywithFareSeniorCitizenclassBusiness -->
  <testcase classname="testScripts.FlightReviewBookPageTest" name="ValidatetheEnteringCityFlightBookDetailsRoundTripInternational" time="0.0">
    <ignored/>
  </testcase> <!-- ValidatetheEnteringCityFlightBookDetailsRoundTripInternational -->
  <testcase classname="testScripts.FlightReviewBookPageTest" name="ValidatingdefaultflightBookDetailsoneWaywithClassFirst" time="0.0">
    <ignored/>
  </testcase> <!-- ValidatingdefaultflightBookDetailsoneWaywithClassFirst -->
  <testcase classname="testScripts.FlightReviewBookPageTest" name="ValidatetheDomesticDefaultFlightBookDetailsRoundTripwithClassFirst" time="0.0">
    <ignored/>
  </testcase> <!-- ValidatetheDomesticDefaultFlightBookDetailsRoundTripwithClassFirst -->
  <testcase classname="testScripts.FlightReviewBookPageTest" name="ValidatetheDomesticDefaultFlightBookDetailsoneWaywithFareStudentclassBusiness" time="0.0">
    <ignored/>
  </testcase> <!-- ValidatetheDomesticDefaultFlightBookDetailsoneWaywithFareStudentclassBusiness -->
  <testcase classname="testScripts.FlightReviewBookPageTest" name="ValidatetheDomesticDefaultFlightBookDetailsRoundTripwithClassBusiness" time="0.0">
    <ignored/>
  </testcase> <!-- ValidatetheDomesticDefaultFlightBookDetailsRoundTripwithClassBusiness -->
  <testcase classname="testScripts.FlightReviewBookPageTest" name="ValidatetheDomesticDefaultFlightBookDetailsoneWaywithFareArmedforce" time="0.0">
    <ignored/>
  </testcase> <!-- ValidatetheDomesticDefaultFlightBookDetailsoneWaywithFareArmedforce -->
  <testcase classname="testScripts.FlightReviewBookPageTest" name="ValidatingdefaultflightdetailsbooksearchwithReschedule" time="0.0">
    <ignored/>
  </testcase> <!-- ValidatingdefaultflightdetailsbooksearchwithReschedule -->
  <testcase classname="testScripts.FlightReviewBookPageTest" name="ValidatetheDomesticDefaultFlightBookDetailsoneWaywithFareArmedforceClassfirst" time="0.0">
    <ignored/>
  </testcase> <!-- ValidatetheDomesticDefaultFlightBookDetailsoneWaywithFareArmedforceClassfirst -->
  <testcase classname="testScripts.FlightReviewBookPageTest" name="ValidatetheFlightBookDetailsRoundTripwithCitySelectDropdown" time="0.0">
    <ignored/>
  </testcase> <!-- ValidatetheFlightBookDetailsRoundTripwithCitySelectDropdown -->
  <testcase classname="testScripts.FlightReviewBookPageTest" name="ValidatetheDomesticDefaultFlightBookDetailsoneWaywithdoctorandnursesclassBusiness" time="0.0">
    <ignored/>
  </testcase> <!-- ValidatetheDomesticDefaultFlightBookDetailsoneWaywithdoctorandnursesclassBusiness -->
  <testcase classname="testScripts.FlightReviewBookPageTest" name="ValidatetheDomesticDefaultFlightBookDetailsoneWaywithFareArmedforceClassPremiumEconomy" time="0.0">
    <ignored/>
  </testcase> <!-- ValidatetheDomesticDefaultFlightBookDetailsoneWaywithFareArmedforceClassPremiumEconomy -->
  <testcase classname="testScripts.FlightReviewBookPageTest" name="ValidatetheEnteringCityFlightBookDetailsRoundTrip" time="0.0">
    <ignored/>
  </testcase> <!-- ValidatetheEnteringCityFlightBookDetailsRoundTrip -->
  <testcase classname="testScripts.FlightReviewBookPageTest" name="ValidatingdefaultflightBookDetailsoneWaywithClassPremiumEconomy" time="0.0">
    <ignored/>
  </testcase> <!-- ValidatingdefaultflightBookDetailsoneWaywithClassPremiumEconomy -->
  <testcase classname="testScripts.FlightReviewBookPageTest" name="Validatingdefaultflightdetailsbooksearchwithbackhomepage" time="0.0">
    <ignored/>
  </testcase> <!-- Validatingdefaultflightdetailsbooksearchwithbackhomepage -->
  <testcase classname="testScripts.FlightReviewBookPageTest" name="ValidatingdefaultflightBookDetailsoneWaywithClassBusiness" time="0.0">
    <ignored/>
  </testcase> <!-- ValidatingdefaultflightBookDetailsoneWaywithClassBusiness -->
  <testcase classname="testScripts.FlightReviewBookPageTest" name="ValidatingdefaultflightdetailsbooksearchwithCancellation" time="0.0">
    <ignored/>
  </testcase> <!-- ValidatingdefaultflightdetailsbooksearchwithCancellation -->
  <testcase classname="testScripts.FlightReviewBookPageTest" name="ValidatetheDomesticDefaultFlightBookDetailsoneWaywithFareStudentclassfirst" time="0.0">
    <ignored/>
  </testcase> <!-- ValidatetheDomesticDefaultFlightBookDetailsoneWaywithFareStudentclassfirst -->
  <testcase classname="testScripts.FlightReviewBookPageTest" name="ValidatetheDomesticDefaultFlightBookDetailsoneWaywithdoctorandnursesclassfirst" time="0.0">
    <ignored/>
  </testcase> <!-- ValidatetheDomesticDefaultFlightBookDetailsoneWaywithdoctorandnursesclassfirst -->
  <testcase classname="testScripts.FlightReviewBookPageTest" name="ValidatetheDomesticDefaultFlightBookDetailsOneWayTripwithSwap" time="0.0">
    <ignored/>
  </testcase> <!-- ValidatetheDomesticDefaultFlightBookDetailsOneWayTripwithSwap -->
</testsuite> <!-- Default test(failed)(failed)(failed) -->
